$ACVA: possibly delisted; no price data found  (1d 2015-01-01 -> 2021-03-23) (Yahoo error = "Data doesn't exist for startDate = 1420088400, endDate = 1616472000")
$AMPL: possibly delisted; no price data found  (1d 2015-01-01 -> 2021-09-27) (Yahoo error = "Data doesn't exist for startDate = 1420088400, endDate = 1632715200")

1 Failed download:
['AMPL']: possibly delisted; no price data found  (1d 2015-01-01 -> 2021-09-27) (Yahoo error = "Data doesn't exist for startDate = 1420088400, endDate = 1632715200")

1 Failed download:
['AMPL']: possibly delisted; no price data found  (1d 2015-01-01 -> 2021-09-27) (Yahoo error = "Data doesn't exist for startDate = 1420088400, endDate = 1632715200")
$APP: possibly delisted; no price data found  (1d 2015-01-01 -> 2021-04-14) (Yahoo error = "Data doesn't exist for startDate = 1420088400, endDate = 1618372800")
$ARHS: possibly delisted; no price data found  (1d 2015-01-01 -> 2021-11-03) (Yahoo error = "Data doesn't exist for startDate = 1420088400, endDate = 1635912000")
$ARKX: possibly delisted; no price data found  (1d 2015-01-01 -> 2021-03-29) (Yahoo error = "Data doesn't exist for startDate = 1420088400, endDate = 1616990400")
$BF.B: possibly delisted; no price data found  (1d 2015-01-01 -> 2021-01-10)
$BRZE: possibly delisted; no price data found  (1d 2015-01-01 -> 2021-11-16) (Yahoo error = "Data doesn't exist for startDate = 1420088400, endDate = 1637038800")
$BROS: possibly delisted; no price data found  (1d 2015-01-01 -> 2021-09-14) (Yahoo error = "Data doesn't exist for startDate = 1420088400, endDate = 1631592000")
$COIN: possibly delisted; no price data found  (1d 2015-01-01 -> 2021-04-13) (Yahoo error = "Data doesn't exist for startDate = 1420088400, endDate = 1618286400")
$CFLT: possibly delisted; no price data found  (1d 2015-01-01 -> 2021-06-23) (Yahoo error = "Data doesn't exist for startDate = 1420088400, endDate = 1624420800")
$COCO: possibly delisted; no price data found  (1d 2015-01-01 -> 2021-10-20) (Yahoo error = "Data doesn't exist for startDate = 1420088400, endDate = 1634702400")
$COMP: possibly delisted; no price data found  (1d 2015-01-01 -> 2021-03-31) (Yahoo error = "Data doesn't exist for startDate = 1420088400, endDate = 1617163200")
$COUR: possibly delisted; no price data found  (1d 2015-01-01 -> 2021-03-30) (Yahoo error = "Data doesn't exist for startDate = 1420088400, endDate = 1617076800")

1 Failed download:
['COUR']: possibly delisted; no price data found  (1d 2015-01-01 -> 2021-03-30) (Yahoo error = "Data doesn't exist for startDate = 1420088400, endDate = 1617076800")
$CPNG: possibly delisted; no price data found  (1d 2015-01-01 -> 2021-03-10) (Yahoo error = "Data doesn't exist for startDate = 1420088400, endDate = 1615352400")
$DOCS: possibly delisted; no price data found  (1d 2015-01-01 -> 2021-06-23) (Yahoo error = "Data doesn't exist for startDate = 1420088400, endDate = 1624420800")
$DOCN: possibly delisted; no price data found  (1d 2015-01-01 -> 2021-03-23) (Yahoo error = "Data doesn't exist for startDate = 1420088400, endDate = 1616472000")
$DLO: possibly delisted; no price data found  (1d 2015-01-01 -> 2021-06-02) (Yahoo error = "Data doesn't exist for startDate = 1420088400, endDate = 1622606400")
$DUOL: possibly delisted; no price data found  (1d 2015-01-01 -> 2021-07-27) (Yahoo error = "Data doesn't exist for startDate = 1420088400, endDate = 1627358400")
$DV: possibly delisted; no price data found  (1d 2015-01-01 -> 2021-04-20) (Yahoo error = "Data doesn't exist for startDate = 1420088400, endDate = 1618891200")
$GLBE: possibly delisted; no price data found  (1d 2015-01-01 -> 2021-05-11) (Yahoo error = "Data doesn't exist for startDate = 1420088400, endDate = 1620705600")

1 Failed download:
$FYBR: possibly delisted; no price data found  (1d 2015-01-01 -> 2021-05-03) (Yahoo error = "Data doesn't exist for startDate = 1420088400, endDate = 1620014400")

1 Failed download:
['FYBR']: possibly delisted; no price data found  (1d 2015-01-01 -> 2021-05-03) (Yahoo error = "Data doesn't exist for startDate = 1420088400, endDate = 1620014400")
$GTLB: possibly delisted; no price data found  (1d 2015-01-01 -> 2021-10-13) (Yahoo error = "Data doesn't exist for startDate = 1420088400, endDate = 1634097600")
$HOOD: possibly delisted; no price data found  (1d 2015-01-01 -> 2021-07-28) (Yahoo error = "Data doesn't exist for startDate = 1420088400, endDate = 1627444800")
$NU: possibly delisted; no price data found  (1d 2015-01-01 -> 2021-12-08) (Yahoo error = "Data doesn't exist for startDate = 1420088400, endDate = 1638939600")
$ONON: possibly delisted; no price data found  (1d 2015-01-01 -> 2021-09-14) (Yahoo error = "Data doesn't exist for startDate = 1420088400, endDate = 1631592000")
$OSCR: possibly delisted; no price data found  (1d 2015-01-01 -> 2021-03-02) (Yahoo error = "Data doesn't exist for startDate = 1420088400, endDate = 1614661200")
$PCOR: possibly delisted; no price data found  (1d 2015-01-01 -> 2021-05-19) (Yahoo error = "Data doesn't exist for startDate = 1420088400, endDate = 1621396800")
$PATH: possibly delisted; no price data found  (1d 2015-01-01 -> 2021-04-20) (Yahoo error = "Data doesn't exist for startDate = 1420088400, endDate = 1618891200")
$PRCT: possibly delisted; no price data found  (1d 2015-01-01 -> 2021-09-14) (Yahoo error = "Data doesn't exist for startDate = 1420088400, endDate = 1631592000")
$RBLX: possibly delisted; no price data found  (1d 2015-01-01 -> 2021-03-09) (Yahoo error = "Data doesn't exist for startDate = 1420088400, endDate = 1615266000")
$RIVN: possibly delisted; no price data found  (1d 2015-01-01 -> 2021-11-09) (Yahoo error = "Data doesn't exist for startDate = 1420088400, endDate = 1636434000")
$S: possibly delisted; no price data found  (1d 2015-01-01 -> 2021-06-29) (Yahoo error = "Data doesn't exist for startDate = 1420088400, endDate = 1624939200")

1 Failed download:
['S']: possibly delisted; no price data found  (1d 2015-01-01 -> 2021-06-29) (Yahoo error = "Data doesn't exist for startDate = 1420088400, endDate = 1624939200")

1 Failed download:
['S']: possibly delisted; no price data found  (1d 2015-01-01 -> 2021-06-29) (Yahoo error = "Data doesn't exist for startDate = 1420088400, endDate = 1624939200")

1 Failed download:
['S']: possibly delisted; no price data found  (1d 2015-01-01 -> 2021-06-29) (Yahoo error = "Data doesn't exist for startDate = 1420088400, endDate = 1624939200")
$TOST: possibly delisted; no price data found  (1d 2015-01-01 -> 2021-09-21) (Yahoo error = "Data doesn't exist for startDate = 1420088400, endDate = 1632196800")
$WOLF: possibly delisted; no price data found  (1d 2015-01-01 -> 2021-10-03) (Yahoo error = "Data doesn't exist for startDate = 1420088400, endDate = 1633233600")
$YOU: possibly delisted; no price data found  (1d 2015-01-01 -> 2021-06-29) (Yahoo error = "Data doesn't exist for startDate = 1420088400, endDate = 1624939200")
Loaded 17 env vars
Already verified: 639 symbols
Candidate pool: 311 symbols

[TESTING CANDIDATES FOR REPLACEMENT]
Need: 261 replacements

   1/311 AAXJ   [SKIP] Only 5.5 years
   2/311 AAAU   [SKIP] Only 5.5 years
   3/311 ADMA   [SKIP] Only 5.5 years
   4/311 ACVA   [SKIP] Only 5.5 years
   5/311 ADM    [SKIP] Only 5.5 years
   6/311 ACLS   [SKIP] Only 5.5 years
   7/311 ABBV   [SKIP] Only 5.5 years
   8/311 ACWI   [SKIP] Only 5.5 years
   9/311 ACMR   [SKIP] Only 5.5 years
  10/311 ACI    [SKIP] Only 5.5 years
  11/311 AER    [OK] 11.0y $0.7M vol/day
  12/311 ADPT   [OK] 11.0y $0.7M vol/day
  13/311 AHH    [OK] 11.0y $0.3M vol/day
  14/311 AEG    [OK] 11.0y $1.7M vol/day
  15/311 AG     [OK] 11.0y $4.3M vol/day
  16/311 AGG    [OK] 11.0y $3.6M vol/day
  17/311 AEIS   [OK] 11.0y $0.2M vol/day
  18/311 AEHR   [OK] 11.0y $0.8M vol/day
  19/311 AGNC   [OK] 11.0y $6.3M vol/day
  20/311 AHCO   [OK] 11.0y $0.6M vol/day
  21/311 ALE    [SKIP] No options
  22/311 ALC    [OK] 11.0y $0.6M vol/day
  23/311 AKAM   [OK] 11.0y $0.9M vol/day
  24/311 ALEX   [OK] 11.0y $0.3M vol/day
  25/311 ALKS   [OK] 11.0y $0.9M vol/day
  26/311 AIRR   [OK] 11.0y $0.2M vol/day
  27/311 AMBA   [OK] 11.0y $0.5M vol/day
  28/311 ALK    [OK] 11.0y $1.2M vol/day
  29/311 AIN    [OK] 11.0y $0.2M vol/day
  30/311 ALV    [OK] 11.0y $0.5M vol/day
  31/311 AMCX   [OK] 11.0y $1.3M vol/day
  32/311 AOD    [SKIP] No options
  33/311 ANSS   [SKIP] No options
  34/311 AN     [OK] 11.0y $29.6M vol/day
  35/311 ANGO   [OK] 11.0y $29.5M vol/day
  36/311 ANGL   [OK] 11.0y $30.0M vol/day
  37/311 AMD    [OK] 11.0y $57.0M vol/day
  38/311 AMPL   [OK] 11.0y $31.7M vol/day
  39/311 AMKR   [OK] 11.0y $30.0M vol/day
  40/311 ANDE   [OK] 11.0y $29.4M vol/day
  41/311 AON    [OK] 11.0y $29.9M vol/day
  42/311 AOS    [SKIP] Only 5.0 years
  43/311 AOSL   [SKIP] Only 5.0 years
  44/311 APD    [OK] 11.0y $0.8M vol/day
  45/311 APP    [OK] 11.0y $1.9M vol/day
  46/311 ARI    [OK] 11.0y $0.7M vol/day
  47/311 ARHS   [OK] 11.0y $0.7M vol/day
  48/311 AQN    [OK] 11.0y $2.4M vol/day
  49/311 AQST   [OK] 11.0y $0.7M vol/day
  50/311 ARCT   [OK] 11.0y $0.5M vol/day
  51/311 APAM   [OK] 11.0y $0.5M vol/day
  52/311 ARKG   [OK] 11.0y $1.5M vol/day
  53/311 ARCB   [OK] 11.0y $0.4M vol/day
  54/311 AZEK   [SKIP] No options
  55/311 AZPN   [SKIP] No options
  56/311 ASTS   [SKIP] Only 6.5 years
  57/311 BABA   [SKIP] Only 6.5 years
  58/311 AXP    [SKIP] Only 6.5 years
  59/311 ARKX   [SKIP] Only 6.5 years
  60/311 ATGE   [SKIP] Only 6.5 years
  61/311 BB     [SKIP] Only 6.5 years
  62/311 ARWR   [SKIP] Only 6.5 years
  63/311 ARKO   [SKIP] Only 6.5 years
  64/311 BBBY   [OK] 11.0y $9.8M vol/day
  65/311 BF.B   [OK] 11.0y $1.9M vol/day
  66/311 BMY    [OK] 11.0y $5.8M vol/day
  67/311 BLMN   [OK] 11.0y $1.1M vol/day
  68/311 BROS   [OK] 11.0y $1.2M vol/day
  69/311 BRZE   [OK] 11.0y $0.7M vol/day
  70/311 BURL   [OK] 11.0y $0.7M vol/day
  71/311 BJRI   [OK] 11.0y $0.4M vol/day
  72/311 BK     [OK] 11.0y $2.3M vol/day
  73/311 BWXT   [OK] 11.0y $0.6M vol/day
  74/311 C      [OK] 11.0y $8.4M vol/day
  75/311 CB     [OK] 11.0y $1.2M vol/day
  76/311 COOP   [SKIP] No options
  77/311 COIN   [OK] 11.0y $5.7M vol/day
  78/311 COLM   [OK] 11.0y $1.1M vol/day
  79/311 CHD    [OK] 11.0y $1.6M vol/day
  80/311 COMP   [OK] 11.0y $3.0M vol/day
  81/311 COCO   [OK] 11.0y $1.2M vol/day
  82/311 CHTR   [OK] 11.0y $1.5M vol/day
  83/311 CHDN   [OK] 11.0y $1.1M vol/day
  84/311 CNS    [OK] 11.0y $0.9M vol/day
  85/311 CFLT   [OK] 11.0y $2.9M vol/day
  86/311 COUR   [SKIP] Only 4.8 years
  87/311 DFS    [SKIP] No options
  88/311 DBX    [SKIP] Only 6.6 years
  89/311 CTVA   [SKIP] Only 6.6 years
  90/311 CVNA   [SKIP] Only 6.6 years
  91/311 CPNG   [SKIP] Only 6.6 years
  92/311 DELL   [SKIP] Only 6.6 years
  93/311 CVX    [SKIP] Only 6.6 years
  94/311 CRI    [SKIP] Only 6.6 years
  95/311 CPRI   [SKIP] Only 6.6 years
  96/311 CRWD   [SKIP] Only 6.6 years
  97/311 DOCS   [OK] 11.0y $2.4M vol/day
  98/311 DHI    [OK] 11.0y $2.9M vol/day
  99/311 DIS    [OK] 11.0y $6.6M vol/day
 100/311 DIA    [OK] 11.0y $3.3M vol/day
 101/311 DOW    [OK] 11.0y $4.4M vol/day
 102/311 DLTR   [OK] 11.0y $2.9M vol/day
 103/311 DOCN   [OK] 11.0y $2.3M vol/day
 104/311 DG     [OK] 11.0y $2.7M vol/day
 105/311 DKS    [OK] 11.0y $2.2M vol/day
 106/311 DLO    [OK] 11.0y $2.3M vol/day
 107/311 ES     [SKIP] Reindexing only valid with uniquely valued Index objects
 108/311 EEM    [SKIP] Reindexing only valid with uniquely valued Index objects
 109/311 DV     [OK] 11.0y $0.9M vol/day
 110/311 EA     [OK] 11.0y $1.2M vol/day
 111/311 EMR    [OK] 11.0y $1.5M vol/day
 112/311 DXCM   [OK] 11.0y $1.7M vol/day
 113/311 DVN    [OK] 11.0y $4.5M vol/day
 114/311 EGP    [OK] 11.0y $0.2M vol/day
 115/311 EBAY   [SKIP] Reindexing only valid with uniquely valued Index objects
 116/311 DUOL   [OK] 11.0y $0.4M vol/day
 117/311 EVRG   [OK] 11.0y $1.6M vol/day
 118/311 ESNT   [OK] 11.0y $1.1M vol/day
 119/311 FL     [SKIP] No options
 120/311 FIVN   [SKIP] Only 5.2 years
 121/311 FAF    [SKIP] Only 5.2 years
 122/311 EVTL   [SKIP] Only 5.2 years
 123/311 FIS    [SKIP] Only 5.2 years
 124/311 FAST   [SKIP] Only 5.2 years
 125/311 FOLD   [SKIP] Only 5.2 years
 126/311 FITB   [SKIP] Only 5.2 years
 127/311 FROG   [SKIP] Only 5.3 years
 128/311 FTV    [SKIP] Only 5.3 years
 129/311 FSLR   [SKIP] Only 5.3 years
 130/311 FVRR   [SKIP] Only 6.6 years
 131/311 GH     [SKIP] Only 6.6 years
 132/311 GOLF   [SKIP] Only 6.6 years
 133/311 GE     [SKIP] Only 6.6 years
 134/311 GD     [SKIP] Only 6.6 years
 135/311 FYBR   [SKIP] Only 6.6 years
 136/311 GLBE   [SKIP] Only 6.6 years
 137/311 GRMN   [SKIP] No objects to concatenate
 138/311 GOOGL  [SKIP] Only 5.0 years
 139/311 GOOG   [OK] 11.0y $11.7M vol/day
 140/311 HBI    [SKIP] No options
 141/311 HES    [SKIP] No options
 142/311 GTLB   [OK] 11.0y $1.3M vol/day
 143/311 HD     [OK] 11.0y $1.9M vol/day
 144/311 HALO   [OK] 11.0y $0.8M vol/day
 145/311 GS     [OK] 11.0y $1.3M vol/day
 146/311 HCA    [OK] 11.0y $0.9M vol/day
 147/311 GTLS   [OK] 11.0y $0.5M vol/day
 148/311 HAS    [OK] 11.0y $0.9M vol/day
 149/311 HIG    [OK] 11.0y $2.6M vol/day
 150/311 HMC    [OK] 11.0y $1.9M vol/day
 151/311 HLT    [OK] 11.0y $2.3M vol/day
 152/311 IBKR   [OK] 11.0y $3.7M vol/day
 153/311 HSY    [OK] 11.0y $2.3M vol/day
 154/311 HON    [OK] 11.0y $3.2M vol/day
 155/311 HPE    [OK] 11.0y $8.3M vol/day
 156/311 HOOD   [OK] 11.0y $10.2M vol/day
 157/311 HRB    [OK] 11.0y $2.5M vol/day
 158/311 IBB    [OK] 11.0y $2.6M vol/day
 159/311 IBM    [OK] 11.0y $3.9M vol/day
 160/311 IDXX   [OK] 11.0y $1.6M vol/day
 161/311 ILMN   [OK] 10.2y $7.8M vol/day
 162/311 IPG    [SKIP] No options
 163/311 ITRI   [OK] 11.0y $0.4M vol/day
 164/311 INTU   [OK] 11.0y $0.9M vol/day
 165/311 IQV    [OK] 11.0y $0.7M vol/day
 166/311 ISRG   [OK] 11.0y $1.0M vol/day
 167/311 INTC   [OK] 11.0y $24.8M vol/day
 168/311 IMO    [OK] 11.0y $0.4M vol/day
 169/311 IT     [OK] 11.0y $0.5M vol/day
 170/311 IONQ   [OK] 11.0y $5.0M vol/day
 171/311 INVH   [OK] 11.0y $1.9M vol/day
 172/311 IWM    [OK] 11.0y $28.9M vol/day
 173/311 JNPR   [SKIP] No options
 174/311 K      [SKIP] No options
 175/311 JWN    [SKIP] No options
 176/311 JHG    [SKIP] Only 8.6 years
 177/311 JKHY   [SKIP] Only 8.6 years
 178/311 KMB    [SKIP] Only 8.6 years
 179/311 LAUR   [SKIP] Only 8.6 years
 180/311 JCI    [SKIP] Only 8.6 years
 181/311 L      [SKIP] Only 8.6 years
 182/311 KEY    [SKIP] Only 8.6 years
 183/311 LAZ    [OK] 11.0y $1.0M vol/day
 184/311 LGIH   [OK] 11.0y $0.7M vol/day
 185/311 LEG    [OK] 11.0y $1.3M vol/day
 186/311 MC     [OK] 11.0y $1.5M vol/day
 187/311 MA     [OK] 11.0y $2.6M vol/day
 188/311 LVS    [OK] 11.0y $4.0M vol/day
 189/311 LLY    [OK] 11.0y $2.7M vol/day
 190/311 LNTH   [OK] 11.0y $1.7M vol/day
 191/311 LKQ    [OK] 11.0y $2.1M vol/day
 192/311 MASI   [OK] 11.0y $1.5M vol/day
 193/311 MMM    [SKIP] Reindexing only valid with uniquely valued Index objects
 194/311 MCO    [SKIP] Reindexing only valid with uniquely valued Index objects
 195/311 MCHP   [SKIP] Reindexing only valid with uniquely valued Index objects
 196/311 NEM    [SKIP] Only 7.1 years
 197/311 MRNA   [SKIP] Only 7.1 years
 198/311 MTSI   [SKIP] Only 7.1 years
 199/311 NET    [SKIP] Only 7.1 years
 200/311 MTN    [SKIP] Only 7.1 years
 201/311 NTLA   [SKIP] Only 6.3 years
 202/311 NIO    [SKIP] Only 6.3 years
 203/311 NFLX   [SKIP] Only 6.3 years
 204/311 NOW    [SKIP] Only 6.3 years
 205/311 NSA    [SKIP] Only 6.3 years
 206/311 OGN    [SKIP] Only 4.7 years
 207/311 NU     [SKIP] Only 4.7 years
 208/311 NUE    [SKIP] Only 5.0 years
 209/311 NTNX   [SKIP] Only 5.0 years
 210/311 ODFL   [SKIP] Only 5.0 years
 211/311 ONTO   [SKIP] Only 9.3 years
 212/311 OMC    [SKIP] Only 9.3 years
 213/311 ONON   [SKIP] Only 9.3 years
 214/311 ORCL   [SKIP] Only 9.3 years
 215/311 OSCR   [SKIP] Only 9.3 years
 216/311 OTIS   [SKIP] Only 5.8 years
 217/311 PATH   [SKIP] Only 5.8 years
 218/311 PCOR   [SKIP] Only 5.8 years
 219/311 PAYX   [SKIP] Only 5.8 years
 220/311 PAA    [SKIP] Only 5.8 years
 221/311 PG     [OK] 11.0y $4.4M vol/day
 222/311 PLD    [OK] 11.0y $2.7M vol/day
 223/311 PDD    [OK] 11.0y $5.6M vol/day
 224/311 PFE    [OK] 11.0y $17.0M vol/day
 225/311 PKG    [OK] 11.0y $1.4M vol/day
 226/311 POST   [SKIP] Reindexing only valid with uniquely valued Index objects
 227/311 PLTR   [SKIP] Reindexing only valid with uniquely valued Index objects
 228/311 PRGS   [SKIP] Reindexing only valid with uniquely valued Index objects
 229/311 PLUG   [SKIP] Reindexing only valid with uniquely valued Index objects
 230/311 PRCT   [SKIP] Reindexing only valid with uniquely valued Index objects
 231/311 QNST   [SKIP] Only 5.4 years
 232/311 QCOM   [SKIP] Only 5.4 years
 233/311 QS     [SKIP] Only 5.4 years
 234/311 QRVO   [SKIP] Only 5.4 years
 235/311 PWR    [SKIP] Only 5.4 years
 236/311 RDFN   [SKIP] No options
 237/311 RKT    [SKIP] Only 5.4 years
 238/311 RIVN   [SKIP] Only 5.4 years
 239/311 QSR    [SKIP] Only 5.4 years
 240/311 RBLX   [SKIP] Only 5.4 years
 241/311 RUN    [SKIP] Only 8.3 years
 242/311 RPD    [SKIP] Only 8.3 years
 243/311 S      [SKIP] Only 8.3 years
 244/311 ROP    [SKIP] Only 8.3 years
 245/311 ROKU   [SKIP] Only 8.3 years
 246/311 RSG    [SKIP] Only 8.3 years
 247/311 SAGE   [SKIP] No options
 248/311 SCVL   [SKIP] Only 5.0 years
 249/311 SATS   [SKIP] Only 5.0 years
 250/311 SAIA   [SKIP] Only 5.0 years
 251/311 SKX    [SKIP] No options
 252/311 SMH    [SKIP] Only 8.1 years
 253/311 SDGR   [SKIP] Only 8.1 years
 254/311 SE     [SKIP] Only 8.1 years
 255/311 SJM    [SKIP] Only 8.1 years
 256/311 SFIX   [SKIP] Only 8.1 years
 257/311 SF     [SKIP] Only 8.1 years
 258/311 SOFI   [SKIP] Reindexing only valid with uniquely valued Index objects
 259/311 SNPS   [SKIP] Reindexing only valid with uniquely valued Index objects
 260/311 SNDX   [SKIP] Reindexing only valid with uniquely valued Index objects
 261/311 SPOT   [SKIP] Only 7.8 years
 262/311 SQ     [SKIP] No options
 263/311 SPXL   [OK] 11.0y $5.1M vol/day
 264/311 TEVA   [OK] 11.0y $6.2M vol/day
 265/311 TLT    [OK] 11.0y $14.7M vol/day
 266/311 TMO    [OK] 11.0y $2.4M vol/day
 267/311 SQQQ   [OK] 11.0y $5.3M vol/day
 268/311 TKR    [OK] 11.0y $1.9M vol/day
 269/311 SU     [OK] 11.0y $4.2M vol/day
 270/311 SRE    [OK] 11.0y $3.1M vol/day
 271/311 TQQQ   [SKIP] Reindexing only valid with uniquely valued Index objects
 272/311 TOST   [OK] 11.0y $9.7M vol/day
 273/311 UPS    [SKIP] Only 6.7 years
 274/311 TXRH   [SKIP] Only 6.7 years
 275/311 UBER   [SKIP] Only 6.7 years
 276/311 TXT    [SKIP] Only 6.7 years
 277/311 TROW   [SKIP] Only 6.7 years
 278/311 UFPI   [SKIP] Only 6.7 years
 279/311 TTWO   [SKIP] Only 6.7 years
 280/311 TTD    [SKIP] Only 6.7 years
 281/311 TSM    [SKIP] Only 6.7 years
 282/311 TRUP   [SKIP] Only 6.7 years
 283/311 VERV   [SKIP] No options
 284/311 VCTR   [OK] 11.0y $0.8M vol/day
 285/311 VZ     [OK] 11.0y $10.2M vol/day
 286/311 VSCO   [OK] 11.0y $1.7M vol/day
 287/311 VRRM   [OK] 11.0y $1.2M vol/day
 288/311 VNOM   [OK] 11.0y $1.1M vol/day
 289/311 VST    [OK] 11.0y $3.1M vol/day
 290/311 V      [OK] 11.0y $3.9M vol/day
 291/311 VTR    [OK] 11.0y $1.8M vol/day
 292/311 VEEV   [OK] 11.0y $1.2M vol/day
 293/311 WAL    [SKIP] Reindexing only valid with uniquely valued Index objects
 294/311 WBA    [SKIP] No options
 295/311 WMB    [OK] 10.6y $3.7M vol/day
 296/311 WING   [OK] 10.6y $0.5M vol/day
 297/311 WHR    [OK] 10.6y $0.7M vol/day
 298/311 WOLF   [OK] 10.6y $4.6M vol/day
 299/311 WFC    [OK] 10.6y $10.2M vol/day
 300/311 WEC    [OK] 10.6y $1.1M vol/day
 301/311 WMT    [OK] 10.6y $10.0M vol/day
 302/311 WM     [OK] 10.6y $1.1M vol/day
 303/311 WTFC   [OK] 11.0y $3.6M vol/day
 304/311 WDC    [OK] 10.6y $2.8M vol/day
 305/311 X      [SKIP] No options
 306/311 YOU    [OK] 11.0y $3.6M vol/day
 307/311 YETI   [OK] 11.0y $3.6M vol/day
 308/311 XLRE   [OK] 11.0y $5.7M vol/day
 309/311 XOP    [OK] 11.0y $5.2M vol/day
 310/311 XLK    [OK] 11.0y $9.7M vol/day
 311/311 XYL    [OK] 11.0y $3.5M vol/day

======================================================================
REPLACEMENT CANDIDATES FOUND
======================================================================
Qualified: 158/311 tested
Needed: 261

[NOT ENOUGH] Only found 158, need 261
Try expanding candidate pool or reducing requirements
