HTTP Error 401: {"finance":{"result":null,"error":{"code":"Unauthorized","description":"Invalid Crumb"}}}
HTTP Error 401: {"finance":{"result":null,"error":{"code":"Unauthorized","description":"User is unable to access this feature - https://bit.ly/yahoo-finance-api-feedback"}}}
Loaded 17 env vars from .env
Universe: 900 symbols

[FETCHING HYBRID DATA]
Strategy: Polygon (2021-2026) + YFinance (2015-2020)
Target: 10+ years per symbol

  1/900 [OK] QQQ     11.0y 2771 rows (P:1255 Y:1516)
  2/900 [OK] MSFT    11.0y 2771 rows (P:1255 Y:1516)
  3/900 [OK] MSTR    11.0y 2771 rows (P:1255 Y:1516)
  4/900 [OK] AMZN    11.0y 2771 rows (P:1255 Y:1516)
  5/900 [OK] SPY     11.0y 2771 rows (P:1255 Y:1516)
  6/900 [OK] AVGO    11.0y 2771 rows (P:1255 Y:1516)
  7/900 [OK] AAPL    11.0y 2771 rows (P:1255 Y:1516)
  8/900 [OK] NVDA    11.0y 2771 rows (P:1255 Y:1516)
  9/900 [OK] TSLA    11.0y 2771 rows (P:1255 Y:1516)
 10/900 [OK] META    11.0y 2563 rows (P:1047 Y:1516)
 11/900 [OK] LLY      5.3y 1325 rows (P:1255 Y:70)
 12/900 [OK] AMD      5.3y 1325 rows (P:1255 Y:70)
 13/900 [OK] TLT      5.3y 1325 rows (P:1255 Y:70)
 14/900 [OK] NFLX     5.3y 1325 rows (P:1255 Y:70)
 15/900 [OK] TQQQ     5.3y 1325 rows (P:1255 Y:70)
 16/900 [OK] PLTR     5.3y 1325 rows (P:1255 Y:70)
 17/900 [OK] TSM      5.3y 1325 rows (P:1255 Y:70)
 18/900 [OK] GOOGL    5.3y 1325 rows (P:1255 Y:70)
 19/900 [OK] IWM      5.3y 1325 rows (P:1255 Y:70)
 20/900 [OK] GOOG     5.3y 1325 rows (P:1255 Y:70)
 21/900 [FAIL] V        0.0y    0 rows (P:1255 Y:1516)
 22/900 [OK] JPM     11.0y 2771 rows (P:1255 Y:1516)
 23/900 [OK] CRM     11.0y 2771 rows (P:1255 Y:1516)
 24/900 [OK] HYG     11.0y 2771 rows (P:1255 Y:1516)
 25/900 [OK] XLF     11.0y 2771 rows (P:1255 Y:1516)
 26/900 [OK] BA      11.0y 2771 rows (P:1255 Y:1516)
 27/900 [OK] LQD     11.0y 2771 rows (P:1255 Y:1516)
 28/900 [OK] SOXL    11.0y 2771 rows (P:1255 Y:1516)
 29/900 [OK] UNH     11.0y 2771 rows (P:1255 Y:1516)
 30/900 [OK] SMCI    11.0y 2771 rows (P:1255 Y:1516)
 31/900 [OK] MU      11.0y 2771 rows (P:1255 Y:1516)
 32/900 [OK] ASML    11.0y 2771 rows (P:1255 Y:1516)
 33/900 [OK] BRK.B   11.0y 2771 rows (P:1255 Y:1516)
 34/900 [OK] COST    11.0y 2771 rows (P:1255 Y:1516)
 35/900 [OK] FXI     11.0y 2771 rows (P:1255 Y:1516)
 36/900 [OK] XOM     11.0y 2771 rows (P:1255 Y:1516)
 37/900 [OK] ADBE    11.0y 2771 rows (P:1255 Y:1516)
 38/900 [OK] GLD     11.0y 2771 rows (P:1255 Y:1516)
 39/900 [OK] BAC     11.0y 2771 rows (P:1255 Y:1516)
 40/900 [OK] MRVL    11.0y 2771 rows (P:1255 Y:1516)
 41/900 [FAIL] HD       0.0y    0 rows (P:1255 Y:1516)
 42/900 [FAIL] WMT      0.0y    0 rows (P:1255 Y:1516)
 43/900 [FAIL] SMH      0.0y    0 rows (P:1255 Y:1516)
 44/900 [FAIL] NOW      0.0y    0 rows (P:1255 Y:1516)
 45/900 [FAIL] UBER     0.0y    0 rows (P:1255 Y:1516)
 46/900 [FAIL] BABA     0.0y    0 rows (P:1255 Y:1516)
 47/900 [FAIL] ORCL     0.0y    0 rows (P:1255 Y:1516)
 48/900 [FAIL] INTC     0.0y    0 rows (P:1255 Y:1516)
 49/900 [FAIL] DIA      0.0y    0 rows (P:1255 Y:1516)
 50/900 [FAIL] MA       0.0y    0 rows (P:1255 Y:1516)
 51/900 [OK] CVX      6.7y 1676 rows (P:1255 Y:421)
 52/900 [OK] WFC      6.7y 1676 rows (P:1255 Y:421)
 53/900 [OK] PFE      6.7y 1676 rows (P:1255 Y:421)
 54/900 [OK] QCOM     6.7y 1676 rows (P:1255 Y:421)
 55/900 [OK] SQQQ     6.7y 1676 rows (P:1255 Y:421)
 56/900 [OK] GS       6.7y 1676 rows (P:1255 Y:421)
 57/900 [OK] PG       6.7y 1676 rows (P:1255 Y:421)
 58/900 [OK] SPOT     6.7y 1676 rows (P:1255 Y:421)
 59/900 [OK] ABBV     6.7y 1676 rows (P:1255 Y:421)
 60/900 [OK] CRWD     6.7y 1676 rows (P:1255 Y:421)
 61/900 [FAIL] DIS      0.0y    0 rows (P:1255 Y:1516)
 62/900 [FAIL] EEM      0.0y    0 rows (P:1255 Y:1516)
 63/900 [FAIL] PDD      0.0y    0 rows (P:1255 Y:1516)
 64/900 [OK] CSCO    11.0y 2771 rows (P:1255 Y:1516)
 65/900 [OK] MARA    11.0y 2771 rows (P:1255 Y:1516)
 66/900 [OK] TXN     11.0y 2771 rows (P:1255 Y:1516)
 67/900 [OK] XLE     11.0y 2771 rows (P:1255 Y:1516)
 68/900 [OK] MRK     11.0y 2771 rows (P:1255 Y:1516)
 69/900 [OK] JNJ     11.0y 2771 rows (P:1255 Y:1516)
 70/900 [OK] HON      7.8y 1954 rows (P:1255 Y:699)
 71/900 [OK] MCD     11.0y 2771 rows (P:1255 Y:1516)
 72/900 [OK] KO      11.0y 2771 rows (P:1255 Y:1516)
 73/900 [OK] SNOW    11.0y 2771 rows (P:1255 Y:1516)
 74/900 [FAIL] C        0.0y    0 rows (P:1255 Y:1516)
 75/900 [OK] AMAT    11.0y 2771 rows (P:1255 Y:1516)
 76/900 [FAIL] TMO      0.0y    0 rows (P:1255 Y:1516)
 77/900 [FAIL] INTU     0.0y    0 rows (P:1255 Y:1516)
 78/900 [FAIL] IBM      0.0y    0 rows (P:1255 Y:1516)
 79/900 [FAIL] XLK      0.0y    0 rows (P:1255 Y:1516)
 80/900 [OK] XLV     11.0y 2771 rows (P:1255 Y:1516)
 81/900 [OK] XLI     11.0y 2771 rows (P:1255 Y:1516)
 82/900 [FAIL] VST      0.0y    0 rows (P:1255 Y:1516)
 83/900 [FAIL] AGG      0.0y    0 rows (P:1255 Y:1516)
 84/900 [OK] PEP     11.0y 2771 rows (P:1255 Y:1516)
 85/900 [OK] PANW    11.0y 2771 rows (P:1255 Y:1516)
 86/900 [OK] DELL     5.3y 1335 rows (P:1255 Y:80)
 87/900 [OK] APO     11.0y 2771 rows (P:1255 Y:1516)
 88/900 [OK] WDAY    11.0y 2771 rows (P:1255 Y:1516)
 89/900 [OK] LRCX    11.0y 2771 rows (P:1255 Y:1516)
 90/900 [OK] AMGN    11.0y 2771 rows (P:1255 Y:1516)
 91/900 [OK] NKE     11.0y 2771 rows (P:1255 Y:1516)
 92/900 [OK] TGT     11.0y 2771 rows (P:1255 Y:1516)
 93/900 [OK] ANET    11.0y 2771 rows (P:1255 Y:1516)
 94/900 [OK] ACN     11.0y 2771 rows (P:1255 Y:1516)
 95/900 [OK] LIN     11.0y 2771 rows (P:1255 Y:1516)
 96/900 [OK] MS      11.0y 2771 rows (P:1255 Y:1516)
 97/900 [OK] TMUS    11.0y 2771 rows (P:1255 Y:1516)
 98/900 [FAIL] AXP      0.0y    0 rows (P:1255 Y:1516)
 99/900 [FAIL] GE       0.0y    0 rows (P:1255 Y:1516)
100/900 [OK] SHOP    11.0y 2771 rows (P:1255 Y:1516)
101/900 [OK] KRE     11.0y 2771 rows (P:1255 Y:1516)
102/900 [OK] XLU     11.0y 2771 rows (P:1255 Y:1516)
103/900 [OK] PYPL    11.0y 2771 rows (P:1255 Y:1516)
104/900 [OK] LULU    11.0y 2771 rows (P:1255 Y:1516)
105/900 [OK] XBI     11.0y 2771 rows (P:1255 Y:1516)
106/900 [OK] T       11.0y 2771 rows (P:1255 Y:1516)
107/900 [OK] CAT     11.0y 2771 rows (P:1255 Y:1516)
108/900 [FAIL] ISRG     0.0y    0 rows (P:1255 Y:1516)
109/900 [OK] NEE     11.0y 2771 rows (P:1255 Y:1516)
110/900 [OK] QUBT    11.0y 2643 rows (P:1127 Y:1516)
111/900 [OK] KLAC    11.0y 2771 rows (P:1255 Y:1516)
112/900 [OK] CMCSA   11.0y 2771 rows (P:1255 Y:1516)
113/900 [OK] XLP     11.0y 2771 rows (P:1255 Y:1516)
114/900 [OK] SBUX    11.0y 2771 rows (P:1255 Y:1516)
115/900 [OK] GDX     11.0y 2771 rows (P:1255 Y:1516)
116/900 [OK] DHR     10.5y 2645 rows (P:1255 Y:1390)
117/900 [OK] XLY     10.5y 2645 rows (P:1255 Y:1390)
118/900 [OK] DDOG    10.5y 2645 rows (P:1255 Y:1390)
119/900 [FAIL] VZ       0.0y    0 rows (P:1255 Y:1516)
120/900 [OK] UAL     11.0y 2771 rows (P:1255 Y:1516)
121/900 [OK] COP     11.0y 2771 rows (P:1255 Y:1516)
122/900 [OK] ADI     11.0y 2771 rows (P:1255 Y:1516)
123/900 [OK] SHW     11.0y 2771 rows (P:1255 Y:1516)
124/900 [OK] GM      11.0y 2771 rows (P:1255 Y:1516)
125/900 [OK] TJX     11.0y 2771 rows (P:1255 Y:1516)
126/900 [OK] CVS     11.0y 2771 rows (P:1255 Y:1516)
127/900 [OK] PM      11.0y 2771 rows (P:1255 Y:1516)
128/900 [OK] SPGI    11.0y 2771 rows (P:1255 Y:1516)
129/900 [OK] ETN     11.0y 2771 rows (P:1255 Y:1516)
130/900 [FAIL] BMY      0.0y    0 rows (P:1255 Y:1516)
131/900 [FAIL] CVNA     0.0y    0 rows (P:1255 Y:1516)
132/900 [OK] SCHW    11.0y 2771 rows (P:1255 Y:1516)
133/900 [OK] CCL     11.0y 2771 rows (P:1255 Y:1516)
134/900 [OK] GILD    11.0y 2771 rows (P:1255 Y:1516)
135/900 [OK] ABNB    11.0y 2771 rows (P:1255 Y:1516)
136/900 [OK] BX      11.0y 2771 rows (P:1255 Y:1516)
137/900 [OK] VRTX    11.0y 2771 rows (P:1255 Y:1516)
138/900 [OK] REGN    11.0y 2771 rows (P:1255 Y:1516)
139/900 [OK] ABT     11.0y 2771 rows (P:1255 Y:1516)
140/900 [OK] UNP     11.0y 2771 rows (P:1255 Y:1516)
141/900 [OK] PGR     11.0y 2771 rows (P:1255 Y:1516)
142/900 [OK] MPWR    11.0y 2771 rows (P:1255 Y:1516)
143/900 [OK] CDNS    11.0y 2771 rows (P:1255 Y:1516)
144/900 [OK] LMT     11.0y 2771 rows (P:1255 Y:1516)
145/900 [OK] LOW     11.0y 2771 rows (P:1255 Y:1516)
146/900 [OK] HUM     11.0y 2771 rows (P:1255 Y:1516)
147/900 [OK] F       11.0y 2771 rows (P:1255 Y:1516)
148/900 [OK] OXY     11.0y 2771 rows (P:1255 Y:1516)
149/900 [OK] CI      11.0y 2771 rows (P:1255 Y:1516)
150/900 [FAIL] SPXL     0.0y    0 rows (P:1255 Y:0)
151/900 [OK] SLV     11.0y 2771 rows (P:1255 Y:1516)
152/900 [OK] RKLB    11.0y 2614 rows (P:1098 Y:1516)
153/900 [FAIL] UPS      0.0y    0 rows (P:1255 Y:1516)
154/900 [OK] CMG     11.0y 2771 rows (P:1255 Y:1516)
155/900 [FAIL] FSLR     0.0y    0 rows (P:1255 Y:1516)
156/900 [OK] TNA     11.0y 2771 rows (P:1255 Y:1516)
157/900 [OK] COF     11.0y 2771 rows (P:1255 Y:1516)
158/900 [OK] AXON    11.0y 2761 rows (P:1245 Y:1516)
159/900 [OK] BSX     11.0y 2771 rows (P:1255 Y:1516)
160/900 [OK] TEAM    11.0y 2771 rows (P:1255 Y:1516)
161/900 [FAIL] SNPS     0.0y    0 rows (P:1255 Y:1516)
162/900 [OK] RTX     11.0y 2771 rows (P:1255 Y:1516)
163/900 [OK] DE      11.0y 2771 rows (P:1255 Y:1516)
164/900 [OK] DAL     10.1y 2535 rows (P:1255 Y:1280)
165/900 [OK] EWZ     10.1y 2535 rows (P:1255 Y:1280)
166/900 [OK] NXPI    10.1y 2535 rows (P:1255 Y:1280)
167/900 [OK] ADP     10.1y 2535 rows (P:1255 Y:1280)
168/900 [OK] DASH    10.1y 2535 rows (P:1255 Y:1280)
169/900 [OK] IYR     10.1y 2535 rows (P:1255 Y:1280)
170/900 [OK] UPST    11.0y 2771 rows (P:1255 Y:1516)
171/900 [OK] MCK     11.0y 2771 rows (P:1255 Y:1516)
172/900 [OK] KKR     11.0y 2771 rows (P:1255 Y:1516)
173/900 [OK] MDT     11.0y 2771 rows (P:1255 Y:1516)
174/900 [OK] MDLZ    11.0y 2771 rows (P:1255 Y:1516)
175/900 [OK] AAL     11.0y 2780 rows (P:1255 Y:1525)
176/900 [OK] CME     11.0y 2771 rows (P:1255 Y:1516)
177/900 [OK] APH     11.0y 2771 rows (P:1255 Y:1516)
178/900 [OK] FDX     11.0y 2771 rows (P:1255 Y:1516)
179/900 [OK] ARKK    11.0y 2771 rows (P:1255 Y:1516)
180/900 [OK] AJG     11.0y 2771 rows (P:1255 Y:1516)
181/900 [OK] EQIX    11.0y 2771 rows (P:1255 Y:1516)
182/900 [OK] MDB     11.0y 2771 rows (P:1255 Y:1516)
183/900 [OK] JD      11.0y 2771 rows (P:1255 Y:1516)
184/900 [OK] ULTA    11.0y 2771 rows (P:1255 Y:1516)
185/900 [OK] SLB     11.0y 2771 rows (P:1255 Y:1516)
186/900 [OK] ICE     11.0y 2771 rows (P:1255 Y:1516)
187/900 [OK] RCL     11.0y 2771 rows (P:1255 Y:1516)
188/900 [OK] SYK     11.0y 2771 rows (P:1255 Y:1516)
189/900 [OK] AMT     11.0y 2771 rows (P:1255 Y:1516)
190/900 [OK] HIMS    11.0y 2764 rows (P:1248 Y:1516)
191/900 [FAIL] TTD      0.0y    0 rows (P:1255 Y:1516)
192/900 [OK] FTNT    11.0y 2771 rows (P:1255 Y:1516)
193/900 [OK] MMM      8.2y 2066 rows (P:1255 Y:811)
194/900 [FAIL] PLD      0.0y    0 rows (P:1255 Y:1516)
195/900 [FAIL] HCA      0.0y    0 rows (P:1255 Y:1516)
196/900 [OK] MCHP     6.3y 1595 rows (P:1255 Y:340)
197/900 [OK] TT      11.0y 2771 rows (P:1255 Y:1516)
198/900 [OK] ADSK    11.0y 2771 rows (P:1255 Y:1516)
199/900 [FAIL] APD      0.0y    0 rows (P:1255 Y:1516)
200/900 [OK] FCX     11.0y 2771 rows (P:1255 Y:1516)
201/900 [FAIL] CB       0.0y    0 rows (P:1255 Y:1516)
202/900 [OK] CL      11.0y 2771 rows (P:1255 Y:1516)
203/900 [OK] ON      11.0y 2771 rows (P:1255 Y:1516)
204/900 [OK] ROST    11.0y 2771 rows (P:1255 Y:1516)
205/900 [FAIL] NEM      0.0y    0 rows (P:1255 Y:1516)
206/900 [FAIL] DHI      0.0y    0 rows (P:1255 Y:1516)
207/900 [OK] CHTR     9.3y 2338 rows (P:1255 Y:1083)
208/900 [OK] MO      11.0y 2771 rows (P:1255 Y:1516)
209/900 [OK] DECK    11.0y 2771 rows (P:1255 Y:1516)
210/900 [OK] ORLY    11.0y 2771 rows (P:1255 Y:1516)
211/900 [OK] MMC     11.0y 2771 rows (P:1255 Y:1516)
212/900 [OK] ZTS     11.0y 2771 rows (P:1255 Y:1516)
213/900 [OK] CNC     11.0y 2771 rows (P:1255 Y:1516)
214/900 [OK] WSM     11.0y 2771 rows (P:1255 Y:1516)
215/900 [OK] TZA     11.0y 2771 rows (P:1255 Y:1516)
216/900 [OK] EW      11.0y 2771 rows (P:1255 Y:1516)
217/900 [OK] CSX     11.0y 2771 rows (P:1255 Y:1516)
218/900 [FAIL] SE       0.0y    0 rows (P:1255 Y:1516)
219/900 [OK] DOCU    11.0y 2771 rows (P:1255 Y:1516)
220/900 [OK] PH      11.0y 2771 rows (P:1255 Y:1516)
221/900 [FAIL] AON      0.0y    0 rows (P:1255 Y:1516)
222/900 [OK] MSI     11.0y 2771 rows (P:1255 Y:1516)
223/900 [OK] KMI     11.0y 2771 rows (P:1255 Y:1516)
224/900 [OK] URI     11.0y 2771 rows (P:1255 Y:1516)
225/900 [OK] FANG    11.0y 2771 rows (P:1255 Y:1516)
226/900 [FAIL] GD       0.0y    0 rows (P:1255 Y:1516)
227/900 [OK] KDP     11.0y 2771 rows (P:1255 Y:1516)
228/900 [OK] USB     11.0y 2771 rows (P:1255 Y:1516)
229/900 [OK] XLB     11.0y 2771 rows (P:1255 Y:1516)
230/900 [OK] DUK     11.0y 2771 rows (P:1255 Y:1516)
231/900 [OK] PNC     11.0y 2771 rows (P:1255 Y:1516)
232/900 [OK] HSY      8.2y 2065 rows (P:1255 Y:810)
233/900 [OK] WMB      8.2y 2065 rows (P:1255 Y:810)
234/900 [OK] EMR      8.2y 2065 rows (P:1255 Y:810)
235/900 [OK] MAR     11.0y 2771 rows (P:1255 Y:1516)
236/900 [OK] TFC     11.0y 2771 rows (P:1255 Y:1516)
237/900 [OK] EL      11.0y 2771 rows (P:1255 Y:1516)
238/900 [OK] EOG     11.0y 2771 rows (P:1255 Y:1516)
239/900 [OK] GME     11.0y 2771 rows (P:1255 Y:1516)
240/900 [OK] CLSK    11.0y 2770 rows (P:1254 Y:1516)
241/900 [OK] LNG     11.0y 2771 rows (P:1255 Y:1516)
242/900 [OK] DLR     11.0y 2771 rows (P:1255 Y:1516)
243/900 [FAIL] HLT      0.0y    0 rows (P:1255 Y:1516)
244/900 [OK] MPC     11.0y 2771 rows (P:1255 Y:1516)
245/900 [OK] ENPH    11.0y 2771 rows (P:1255 Y:1516)
246/900 [OK] NOC     11.0y 2771 rows (P:1255 Y:1516)
247/900 [OK] SO      11.0y 2771 rows (P:1255 Y:1516)
248/900 [OK] ACHR    11.0y 2598 rows (P:1082 Y:1516)
249/900 [OK] RIOT    11.0y 2771 rows (P:1255 Y:1516)
250/900 [FAIL] XOP      0.0y    0 rows (P:1255 Y:1516)
251/900 [OK] HUBS    11.0y 2771 rows (P:1255 Y:1516)
252/900 [OK] WELL    11.0y 2771 rows (P:1255 Y:1516)
253/900 [OK] EQT     11.0y 2771 rows (P:1255 Y:1516)
254/900 [OK] MCO      7.8y 1965 rows (P:1255 Y:710)
255/900 [OK] DXCM     7.8y 1965 rows (P:1255 Y:710)
256/900 [OK] DG       7.8y 1965 rows (P:1255 Y:710)
257/900 [OK] WDC      7.8y 1965 rows (P:1255 Y:710)
258/900 [OK] ZS      11.0y 2771 rows (P:1255 Y:1516)
259/900 [OK] SNAP    11.0y 2771 rows (P:1255 Y:1516)
260/900 [OK] VLO     11.0y 2771 rows (P:1255 Y:1516)
261/900 [OK] DKNG    11.0y 2771 rows (P:1255 Y:1516)
262/900 [OK] STZ     11.0y 2771 rows (P:1255 Y:1516)
263/900 [OK] TRGP    11.0y 2771 rows (P:1255 Y:1516)
264/900 [OK] NET      6.5y 1624 rows (P:1255 Y:369)
265/900 [OK] DVN      6.5y 1624 rows (P:1255 Y:369)
266/900 [OK] IQV      6.5y 1624 rows (P:1255 Y:369)
267/900 [FAIL] MRNA     0.0y    0 rows (P:1255 Y:1516)
268/900 [OK] LEN     11.0y 2771 rows (P:1255 Y:1516)
269/900 [FAIL] WM       0.0y    0 rows (P:1255 Y:1516)
270/900 [OK] DLTR     6.5y 1624 rows (P:1255 Y:369)
271/900 [OK] SPXS    11.0y 2771 rows (P:1255 Y:1516)
272/900 [OK] BIDU    11.0y 2771 rows (P:1255 Y:1516)
273/900 [OK] TER     11.0y 2771 rows (P:1255 Y:1516)
274/900 [OK] CARR    11.0y 2771 rows (P:1255 Y:1516)
275/900 [OK] LYV     11.0y 2771 rows (P:1255 Y:1516)
276/900 [OK] ET      11.0y 2771 rows (P:1255 Y:1516)
277/900 [OK] TPR     11.0y 2771 rows (P:1255 Y:1516)
278/900 [OK] OKE     11.0y 2771 rows (P:1255 Y:1516)
279/900 [OK] VNQ     11.0y 2771 rows (P:1255 Y:1516)
280/900 [OK] BK       5.8y 1460 rows (P:1255 Y:205)
281/900 [FAIL] SRE      0.0y    0 rows (P:1255 Y:1516)
282/900 [OK] TRV     11.0y 2771 rows (P:1255 Y:1516)
283/900 [OK] TWLO    11.0y 2771 rows (P:1255 Y:1516)
284/900 [OK] AIG     11.0y 2771 rows (P:1255 Y:1516)
285/900 [OK] KR      11.0y 2771 rows (P:1255 Y:1516)
286/900 [OK] PCG     11.0y 2771 rows (P:1255 Y:1516)
287/900 [OK] PSX     11.0y 2771 rows (P:1255 Y:1516)
288/900 [OK] ALL     11.0y 2771 rows (P:1255 Y:1516)
289/900 [OK] PINS    11.0y 2771 rows (P:1255 Y:1516)
290/900 [OK] KHC     11.0y 2771 rows (P:1255 Y:1516)
291/900 [FAIL] ROKU     0.0y    0 rows (P:1255 Y:1516)
292/900 [FAIL] HPE      0.0y    0 rows (P:1255 Y:1516)
293/900 [FAIL] EA       0.0y    0 rows (P:1255 Y:1516)
294/900 [FAIL] ILMN     0.0y    0 rows (P:1255 Y:1516)
295/900 [FAIL] ACWI     0.0y    0 rows (P:1255 Y:1516)
296/900 [FAIL] PWR      0.0y    0 rows (P:1255 Y:1516)
297/900 [FAIL] KMB      0.0y    0 rows (P:1255 Y:1516)
298/900 [OK] NSC     11.0y 2771 rows (P:1255 Y:1516)
299/900 [OK] BP      11.0y 2771 rows (P:1255 Y:1516)
300/900 [OK] MSCI    11.0y 2771 rows (P:1255 Y:1516)
301/900 [OK] NCLH    11.0y 2771 rows (P:1255 Y:1516)
302/900 [OK] EXPE    11.0y 2771 rows (P:1255 Y:1516)
303/900 [OK] JCI      8.3y 2081 rows (P:1255 Y:826)
304/900 [OK] ZM      11.0y 2771 rows (P:1255 Y:1516)
305/900 [OK] DOW      8.3y 2081 rows (P:1255 Y:826)
306/900 [OK] EBAY     8.3y 2081 rows (P:1255 Y:826)
307/900 [OK] IDXX     8.3y 2081 rows (P:1255 Y:826)
308/900 [OK] ANF     11.0y 2771 rows (P:1255 Y:1516)
309/900 [OK] TSCO    11.0y 2771 rows (P:1255 Y:1516)
310/900 [OK] TTWO     6.8y 1712 rows (P:1255 Y:457)
311/900 [OK] ROP      6.8y 1712 rows (P:1255 Y:457)
312/900 [OK] RH      11.0y 2771 rows (P:1255 Y:1516)
313/900 [FAIL] LVS      0.0y    0 rows (P:1255 Y:1516)
314/900 [FAIL] FIS      0.0y    0 rows (P:1255 Y:1516)
315/900 [OK] ETR     11.0y 2771 rows (P:1255 Y:1516)
316/900 [OK] CCI     11.0y 2771 rows (P:1255 Y:1516)
317/900 [OK] O       11.0y 2771 rows (P:1255 Y:1516)
318/900 [OK] BBY     11.0y 2771 rows (P:1255 Y:1516)
319/900 [OK] VALE    11.0y 2771 rows (P:1255 Y:1516)
320/900 [FAIL] ODFL     0.0y    0 rows (P:1255 Y:1516)
321/900 [FAIL] NUE      0.0y    0 rows (P:1255 Y:1516)
322/900 [FAIL] DKS      0.0y    0 rows (P:1255 Y:1516)
323/900 [OK] EFX     11.0y 2771 rows (P:1255 Y:1516)
324/900 [OK] XEL     11.0y 2771 rows (P:1255 Y:1516)
325/900 [OK] AEP     11.0y 2771 rows (P:1255 Y:1516)
326/900 [OK] PCAR    11.0y 2771 rows (P:1255 Y:1516)
327/900 [OK] BKR     11.0y 2771 rows (P:1255 Y:1516)
328/900 [OK] HWM     11.0y 2771 rows (P:1255 Y:1516)
329/900 [OK] DPZ     11.0y 2771 rows (P:1255 Y:1516)
330/900 [FAIL] NIO      0.0y    0 rows (P:1255 Y:1516)
331/900 [FAIL] PAYX     0.0y    0 rows (P:1255 Y:1516)
332/900 [FAIL] BURL     0.0y    0 rows (P:1255 Y:1516)
333/900 [OK] GIS     11.0y 2771 rows (P:1255 Y:1516)
334/900 [OK] HAL     11.0y 2771 rows (P:1255 Y:1516)
335/900 [OK] CBRE    11.0y 2771 rows (P:1255 Y:1516)
336/900 [OK] ROK     11.0y 2771 rows (P:1255 Y:1516)
337/900 [OK] CAH     11.0y 2771 rows (P:1255 Y:1516)
338/900 [OK] D       11.0y 2771 rows (P:1255 Y:1516)
339/900 [OK] AMP     11.0y 2771 rows (P:1255 Y:1516)
340/900 [OK] ECL     11.0y 2771 rows (P:1255 Y:1516)
341/900 [OK] IP      11.0y 2771 rows (P:1255 Y:1516)
342/900 [OK] USO     11.0y 2771 rows (P:1255 Y:1516)
343/900 [OK] OKTA    11.0y 2771 rows (P:1255 Y:1516)
344/900 [OK] APTV    11.0y 2771 rows (P:1255 Y:1516)
345/900 [OK] DRI     11.0y 2771 rows (P:1255 Y:1516)
346/900 [OK] CTSH    11.0y 2771 rows (P:1255 Y:1516)
347/900 [OK] EXC     11.0y 2771 rows (P:1255 Y:1516)
348/900 [OK] LCID    11.0y 2636 rows (P:1120 Y:1516)
349/900 [OK] CELH    11.0y 2771 rows (P:1255 Y:1516)
350/900 [OK] SYF     11.0y 2771 rows (P:1255 Y:1516)
351/900 [OK] U       11.0y 2771 rows (P:1255 Y:1516)
352/900 [OK] HBAN    11.0y 2771 rows (P:1255 Y:1516)
353/900 [OK] A       11.0y 2771 rows (P:1255 Y:1516)
354/900 [OK] LUV     11.0y 2771 rows (P:1255 Y:1516)
355/900 [OK] SPG     11.0y 2771 rows (P:1255 Y:1516)
356/900 [OK] VEEV     5.3y 1333 rows (P:1255 Y:78)
357/900 [OK] ARES    11.0y 2771 rows (P:1255 Y:1516)
358/900 [OK] HPQ     11.0y 2771 rows (P:1255 Y:1516)
359/900 [OK] SYY     11.0y 2771 rows (P:1255 Y:1516)
360/900 [OK] GPN     11.0y 2771 rows (P:1255 Y:1516)
361/900 [OK] BIIB    11.0y 2770 rows (P:1254 Y:1516)
362/900 [OK] CDW     11.0y 2771 rows (P:1255 Y:1516)
363/900 [OK] YUM     11.0y 2771 rows (P:1255 Y:1516)
364/900 [OK] VMC     11.0y 2771 rows (P:1255 Y:1516)
365/900 [OK] CCJ     11.0y 2771 rows (P:1255 Y:1516)
366/900 [OK] CMI     11.0y 2771 rows (P:1255 Y:1516)
367/900 [OK] TEL     11.0y 2771 rows (P:1255 Y:1516)
368/900 [OK] MOH     11.0y 2771 rows (P:1255 Y:1516)
369/900 [OK] PSA     11.0y 2771 rows (P:1255 Y:1516)
370/900 [OK] WYNN    11.0y 2771 rows (P:1255 Y:1516)
371/900 [OK] MTB     11.0y 2771 rows (P:1255 Y:1516)
372/900 [OK] MLM     11.0y 2771 rows (P:1255 Y:1516)
373/900 [OK] ITW     11.0y 2771 rows (P:1255 Y:1516)
374/900 [OK] WST     11.0y 2771 rows (P:1255 Y:1516)
375/900 [OK] STT     11.0y 2771 rows (P:1255 Y:1516)
376/900 [OK] AFL     11.0y 2771 rows (P:1255 Y:1516)
377/900 [OK] STX     11.0y 2771 rows (P:1255 Y:1516)
378/900 [OK] GLW     11.0y 2771 rows (P:1255 Y:1516)
379/900 [OK] AME     11.0y 2771 rows (P:1255 Y:1516)
380/900 [OK] LPLA    11.0y 2771 rows (P:1255 Y:1516)
381/900 [FAIL] ASTS     0.0y    0 rows (P:1196 Y:1516)
382/900 [OK] CSGP    11.0y 2771 rows (P:1255 Y:1516)
383/900 [OK] W       11.0y 2771 rows (P:1255 Y:1516)
384/900 [FAIL] FAST     0.0y    0 rows (P:1255 Y:1516)
385/900 [OK] RMD     11.0y 2771 rows (P:1255 Y:1516)
386/900 [OK] SWKS    11.0y 2771 rows (P:1255 Y:1516)
387/900 [OK] PEG     11.0y 2771 rows (P:1255 Y:1516)
388/900 [OK] PPG     11.0y 2771 rows (P:1255 Y:1516)
389/900 [OK] XPO     11.0y 2771 rows (P:1255 Y:1516)
390/900 [FAIL] XLRE     0.0y    0 rows (P:1255 Y:1574)
391/900 [OK] NTAP    11.0y 2771 rows (P:1255 Y:1516)
392/900 [FAIL] FTV      0.0y    0 rows (P:1255 Y:1574)
393/900 [OK] NDAQ    11.0y 2771 rows (P:1255 Y:1516)
394/900 [OK] KEYS    11.0y 2771 rows (P:1255 Y:1516)
395/900 [OK] CHWY    11.0y 2771 rows (P:1255 Y:1516)
396/900 [OK] PHM     11.0y 2771 rows (P:1255 Y:1516)
397/900 [OK] BBWI    11.0y 2630 rows (P:1114 Y:1516)
398/900 [OK] WAB     11.0y 2771 rows (P:1255 Y:1516)
399/900 [OK] ETSY    11.0y 2771 rows (P:1255 Y:1516)
400/900 [OK] RJF     11.0y 2771 rows (P:1255 Y:1516)
401/900 [OK] RSG      6.6y 1652 rows (P:1255 Y:397)
402/900 [OK] NTRA    11.0y 2771 rows (P:1255 Y:1516)
403/900 [OK] ED      11.0y 2771 rows (P:1255 Y:1516)
404/900 [OK] ALB     11.0y 2771 rows (P:1255 Y:1516)
405/900 [OK] LYB     10.3y 2578 rows (P:1255 Y:1323)
406/900 [OK] BE      10.3y 2578 rows (P:1255 Y:1323)
407/900 [OK] LYFT    10.3y 2578 rows (P:1255 Y:1323)
408/900 [FAIL] IBKR     0.0y    0 rows (P:1255 Y:1656)
409/900 [OK] CBOE    11.0y 2771 rows (P:1255 Y:1516)
410/900 [FAIL] GRMN     0.0y    0 rows (P:1255 Y:1656)
411/900 [FAIL] CTVA     0.0y    0 rows (P:1255 Y:0)
412/900 [OK] PBR     11.0y 2771 rows (P:1255 Y:1516)
413/900 [OK] CFG     11.0y 2771 rows (P:1255 Y:1516)
414/900 [OK] BILL    11.0y 2771 rows (P:1255 Y:1516)
415/900 [FAIL] TEVA     0.0y    0 rows (P:1255 Y:1516)
416/900 [OK] BLDR    11.0y 2771 rows (P:1255 Y:1516)
417/900 [FAIL] FITB     0.0y    0 rows (P:1255 Y:1516)
418/900 [OK] SBAC    11.0y 2771 rows (P:1255 Y:1516)
419/900 [OK] ALNY    11.0y 2770 rows (P:1254 Y:1516)
420/900 [OK] FIVE    11.0y 2771 rows (P:1255 Y:1516)
421/900 [OK] FOUR    11.0y 2771 rows (P:1255 Y:1516)
422/900 [OK] ACGL    11.0y 2771 rows (P:1255 Y:1516)
423/900 [FAIL] WEC      0.0y    0 rows (P:1255 Y:1516)
424/900 [OK] IR      11.0y 2771 rows (P:1255 Y:1516)
425/900 [FAIL] IT       0.0y    0 rows (P:1255 Y:1516)
426/900 [OK] WAT     11.0y 2771 rows (P:1255 Y:1516)
427/900 [OK] LDOS    11.0y 2771 rows (P:1255 Y:1516)
428/900 [OK] VRSK    11.0y 2771 rows (P:1255 Y:1516)
429/900 [OK] QRVO     5.6y 1406 rows (P:1255 Y:151)
430/900 [OK] RF      11.0y 2771 rows (P:1255 Y:1516)
431/900 [OK] THC     11.0y 2771 rows (P:1255 Y:1516)
432/900 [FAIL] AKAM     0.0y    0 rows (P:1255 Y:1516)
433/900 [FAIL] IBB      0.0y    0 rows (P:1255 Y:1516)
434/900 [FAIL] OMC      0.0y    0 rows (P:1255 Y:1516)
435/900 [FAIL] OTIS     0.0y    0 rows (P:1255 Y:1516)
436/900 [FAIL] SAIA     0.0y    0 rows (P:1255 Y:1516)
437/900 [OK] AGNC     8.7y 2177 rows (P:1255 Y:922)
438/900 [OK] HIG      8.7y 2177 rows (P:1255 Y:922)
439/900 [OK] AA      11.0y 2771 rows (P:1255 Y:1516)
440/900 [OK] FOXA    11.0y 2771 rows (P:1255 Y:1516)
441/900 [FAIL] ALK      0.0y    0 rows (P:1255 Y:1516)
442/900 [OK] EIX     11.0y 2771 rows (P:1255 Y:1516)
443/900 [OK] LW      11.0y 2771 rows (P:1255 Y:1516)
444/900 [OK] ALGN    11.0y 2771 rows (P:1255 Y:1516)
445/900 [OK] AES     11.0y 2771 rows (P:1255 Y:1516)
446/900 [OK] AEM     11.0y 2771 rows (P:1255 Y:1516)
447/900 [OK] HUBB    11.0y 2771 rows (P:1255 Y:1516)
448/900 [OK] CNP     11.0y 2771 rows (P:1255 Y:1516)
449/900 [OK] TOL     11.0y 2771 rows (P:1255 Y:1516)
450/900 [OK] GPC     11.0y 2771 rows (P:1255 Y:1516)
$BF.B: possibly delisted; no price data found  (1d 2015-01-01 -> 2021-01-10)
451/900 [FAIL] XYL      0.0y    0 rows (P:1255 Y:1516)
452/900 [OK] DTE     11.0y 2771 rows (P:1255 Y:1516)
453/900 [OK] LI      11.0y 2771 rows (P:1255 Y:1516)
454/900 [OK] KEY      9.2y 2302 rows (P:1255 Y:1047)
455/900 [OK] CROX    11.0y 2771 rows (P:1255 Y:1516)
456/900 [OK] IRM     11.0y 2771 rows (P:1255 Y:1516)
457/900 [OK] CE      11.0y 2771 rows (P:1255 Y:1516)
458/900 [FAIL] WING     0.0y    0 rows (P:1255 Y:1516)
459/900 [OK] GTLS     5.4y 1368 rows (P:1255 Y:113)
460/900 [FAIL] NTNX     0.0y    0 rows (P:1255 Y:1516)
461/900 [OK] JOBY    11.0y 2624 rows (P:1108 Y:1516)
462/900 [OK] XPEV    11.0y 2771 rows (P:1255 Y:1516)
463/900 [OK] STLD    11.0y 2771 rows (P:1255 Y:1516)
464/900 [OK] CHD      5.4y 1348 rows (P:1255 Y:93)
465/900 [OK] KMX     11.0y 2771 rows (P:1255 Y:1516)
466/900 [OK] TROW     5.2y 1443 rows (P:1255 Y:188)
467/900 [OK] VTR      5.2y 1443 rows (P:1255 Y:188)
468/900 [FAIL] ADM      0.0y    0 rows (P:1255 Y:1516)
469/900 [OK] EAT     11.0y 2771 rows (P:1255 Y:1516)
470/900 [OK] EPAM    11.0y 2771 rows (P:1255 Y:1516)
471/900 [OK] TYL     11.0y 2771 rows (P:1255 Y:1516)
472/900 [OK] RL      11.0y 2771 rows (P:1255 Y:1516)
473/900 [OK] HUT     11.0y 2664 rows (P:1148 Y:1516)
474/900 [OK] JBHT    11.0y 2771 rows (P:1255 Y:1516)
475/900 [OK] BG      10.6y 2660 rows (P:1255 Y:1405)
476/900 [OK] LITE    11.0y 2771 rows (P:1255 Y:1516)
477/900 [OK] CTRA    10.6y 2493 rows (P:1088 Y:1405)
478/900 [OK] PKG      7.8y 2077 rows (P:1255 Y:822)
479/900 [OK] MTCH    11.0y 2771 rows (P:1255 Y:1516)
480/900 [OK] DD      11.0y 2771 rows (P:1255 Y:1516)
481/900 [OK] FFIV    11.0y 2771 rows (P:1255 Y:1516)
482/900 [OK] APA     11.0y 2771 rows (P:1255 Y:1516)
483/900 [OK] PODD    11.0y 2771 rows (P:1255 Y:1516)
484/900 [FAIL] SU       0.0y    0 rows (P:1255 Y:1516)
485/900 [OK] VFC     10.5y 2632 rows (P:1255 Y:1377)
486/900 [OK] CF      10.5y 2632 rows (P:1255 Y:1377)
487/900 [OK] AWK     10.5y 2632 rows (P:1255 Y:1377)
488/900 [OK] TRU     10.5y 2632 rows (P:1255 Y:1377)
489/900 [OK] ESTC    10.5y 2632 rows (P:1255 Y:1377)
490/900 [OK] EXR     11.0y 2771 rows (P:1255 Y:1516)
491/900 [OK] ZBRA    11.0y 2771 rows (P:1255 Y:1516)
492/900 [OK] VICI    11.0y 2771 rows (P:1255 Y:1516)
493/900 [OK] LH      11.0y 2771 rows (P:1255 Y:1516)
494/900 [OK] HOLX    11.0y 2771 rows (P:1255 Y:1516)
495/900 [OK] AVB     11.0y 2771 rows (P:1255 Y:1516)
496/900 [OK] PTC     11.0y 2771 rows (P:1255 Y:1516)
497/900 [OK] INCY    11.0y 2771 rows (P:1255 Y:1516)
498/900 [OK] AAOI    11.0y 2771 rows (P:1255 Y:1516)
499/900 [OK] CMS     10.5y 2632 rows (P:1255 Y:1377)
500/900 [OK] CAG     10.5y 2651 rows (P:1255 Y:1396)
501/900 [OK] SWK     11.0y 2771 rows (P:1255 Y:1516)
502/900 [FAIL] PLUG     0.0y    0 rows (P:1255 Y:1516)
503/900 [OK] MGM     11.0y 2771 rows (P:1255 Y:1516)
504/900 [OK] PNR     11.0y 2771 rows (P:1255 Y:1516)
505/900 [OK] EXAS    11.0y 2771 rows (P:1255 Y:1516)
506/900 [OK] UHS     11.0y 2771 rows (P:1255 Y:1516)
507/900 [OK] NBIX    11.0y 2771 rows (P:1255 Y:1516)
508/900 [OK] BRO     11.0y 2771 rows (P:1255 Y:1516)
509/900 [OK] AR      11.0y 2771 rows (P:1255 Y:1516)
510/900 [OK] ARE     11.0y 2771 rows (P:1255 Y:1516)
511/900 [OK] VRSN    11.0y 2771 rows (P:1255 Y:1516)
512/900 [OK] STM     11.0y 2771 rows (P:1255 Y:1516)
513/900 [OK] NTRS    11.0y 2771 rows (P:1255 Y:1516)
514/900 [OK] CLF     11.0y 2771 rows (P:1255 Y:1516)
515/900 [FAIL] ONTO     0.0y    0 rows (P:1255 Y:0)
516/900 [OK] WCC     11.0y 2771 rows (P:1255 Y:1516)
517/900 [OK] NI      11.0y 2771 rows (P:1255 Y:1516)
518/900 [OK] GNRC    11.0y 2771 rows (P:1255 Y:1516)
519/900 [OK] AEE     11.0y 2771 rows (P:1255 Y:1516)
520/900 [OK] DGX     11.0y 2771 rows (P:1255 Y:1516)
521/900 [OK] LSCC    11.0y 2771 rows (P:1255 Y:1516)
522/900 [OK] CG      11.0y 2771 rows (P:1255 Y:1516)
523/900 [OK] AVTR    11.0y 2771 rows (P:1255 Y:1516)
524/900 [OK] KSS     11.0y 2771 rows (P:1255 Y:1516)
525/900 [OK] EPD     11.0y 2771 rows (P:1255 Y:1516)
526/900 [OK] CZR     11.0y 2771 rows (P:1255 Y:1516)
527/900 [OK] MKC     11.0y 2771 rows (P:1255 Y:1516)
528/900 [OK] CRL     11.0y 2771 rows (P:1255 Y:1516)
529/900 [OK] OLLI    11.0y 2771 rows (P:1255 Y:1516)
530/900 [FAIL] TXRH     0.0y    0 rows (P:1255 Y:1516)
531/900 [OK] FDS     11.0y 2771 rows (P:1255 Y:1516)
532/900 [FAIL] SJM      0.0y    0 rows (P:1255 Y:1516)
533/900 [FAIL] ES       0.0y    0 rows (P:1255 Y:1516)
534/900 [OK] CHRW    11.0y 2771 rows (P:1255 Y:1516)
535/900 [OK] STE     11.0y 2771 rows (P:1255 Y:1516)
536/900 [OK] TSN     11.0y 2771 rows (P:1255 Y:1516)
537/900 [OK] COO     11.0y 2771 rows (P:1255 Y:1516)
538/900 [OK] EXPD    11.0y 2771 rows (P:1255 Y:1516)
539/900 [OK] HST     11.0y 2771 rows (P:1255 Y:1516)
540/900 [OK] CNQ     11.0y 2771 rows (P:1255 Y:1516)
541/900 [OK] BAX     11.0y 2771 rows (P:1255 Y:1516)
542/900 [OK] IFF     11.0y 2771 rows (P:1255 Y:1516)
543/900 [OK] AAP     11.0y 2771 rows (P:1255 Y:1516)
544/900 [OK] SRPT    11.0y 2770 rows (P:1254 Y:1516)
545/900 [OK] AMCR    11.0y 2771 rows (P:1255 Y:1516)
546/900 [OK] SHAK    11.0y 2771 rows (P:1255 Y:1516)
547/900 [OK] WIX     11.0y 2771 rows (P:1255 Y:1516)
548/900 [OK] DVA     11.0y 2771 rows (P:1255 Y:1516)
549/900 [OK] ALLY    11.0y 2771 rows (P:1255 Y:1516)
550/900 [FAIL] EVRG     0.0y    0 rows (P:1255 Y:0)
551/900 [OK] CVE     11.0y 2771 rows (P:1255 Y:1516)
552/900 [OK] MANH    11.0y 2771 rows (P:1255 Y:1516)
553/900 [OK] TDY     11.0y 2771 rows (P:1255 Y:1516)
554/900 [OK] OVV     11.0y 2771 rows (P:1255 Y:1516)
555/900 [OK] UTHR    11.0y 2771 rows (P:1255 Y:1516)
556/900 [OK] BOOT    11.0y 2771 rows (P:1255 Y:1516)
557/900 [OK] ATO     11.0y 2771 rows (P:1255 Y:1516)
558/900 [OK] ALLE    11.0y 2771 rows (P:1255 Y:1516)
559/900 [OK] STLA    11.0y 2766 rows (P:1250 Y:1516)
560/900 [FAIL] INVH     0.0y    0 rows (P:1255 Y:1516)
561/900 [FAIL] MASI     0.0y    0 rows (P:1255 Y:1516)
562/900 [FAIL] CPRI     0.0y    0 rows (P:1255 Y:1516)
563/900 [OK] BR      11.0y 2771 rows (P:1255 Y:1516)
564/900 [OK] HII     11.0y 2771 rows (P:1255 Y:1516)
565/900 [OK] POOL    11.0y 2771 rows (P:1255 Y:1516)
566/900 [OK] FE      11.0y 2771 rows (P:1255 Y:1516)
567/900 [OK] HSIC    11.0y 2771 rows (P:1255 Y:1516)
568/900 [OK] INSM    11.0y 2771 rows (P:1255 Y:1516)
569/900 [OK] MAS     11.0y 2771 rows (P:1255 Y:1516)
570/900 [OK] J       11.0y 2771 rows (P:1255 Y:1516)
571/900 [OK] EQR     11.0y 2771 rows (P:1255 Y:1516)
572/900 [FAIL] JKHY     0.0y    0 rows (P:1255 Y:1516)
573/900 [FAIL] QSR      0.0y    0 rows (P:1255 Y:1516)
574/900 [FAIL] BWXT     0.0y    0 rows (P:1255 Y:1516)
575/900 [OK] APLS    11.0y 2771 rows (P:1255 Y:1516)
576/900 [OK] SSNC    11.0y 2771 rows (P:1255 Y:1516)
577/900 [OK] RS      11.0y 2771 rows (P:1255 Y:1516)
578/900 [OK] M       11.0y 2771 rows (P:1255 Y:1516)
579/900 [OK] MOS     11.0y 2771 rows (P:1255 Y:1516)
580/900 [OK] MTN      8.2y 2051 rows (P:1255 Y:796)
581/900 [OK] WSC     11.0y 2771 rows (P:1255 Y:1516)
582/900 [OK] LMND    11.0y 2771 rows (P:1255 Y:1516)
583/900 [OK] CPB     11.0y 2771 rows (P:1255 Y:1516)
584/900 [OK] AVY     11.0y 2771 rows (P:1255 Y:1516)
585/900 [FAIL] WAL      0.0y    0 rows (P:1255 Y:1516)
586/900 [OK] TAP     11.0y 2771 rows (P:1255 Y:1516)
587/900 [FAIL] AER      0.0y    0 rows (P:1255 Y:1516)
588/900 [OK] EVR     11.0y 2771 rows (P:1255 Y:1516)
589/900 [OK] ESS     11.0y 2771 rows (P:1255 Y:1516)
590/900 [OK] MAA     11.0y 2771 rows (P:1255 Y:1516)
591/900 [OK] WRB     11.0y 2771 rows (P:1255 Y:1516)
592/900 [OK] EMN     11.0y 2771 rows (P:1255 Y:1516)
593/900 [OK] WY      11.0y 2771 rows (P:1255 Y:1516)
594/900 [OK] TREX    11.0y 2771 rows (P:1255 Y:1516)
595/900 [FAIL] LNTH     0.0y    0 rows (P:1255 Y:1516)
596/900 [OK] BMRN    11.0y 2771 rows (P:1255 Y:1516)
597/900 [OK] VTRS    11.0y 2771 rows (P:1255 Y:1516)
598/900 [OK] LNT     11.0y 2771 rows (P:1255 Y:1516)
599/900 [OK] PFG     11.0y 2771 rows (P:1255 Y:1516)
600/900 [OK] BNTX    11.0y 2771 rows (P:1255 Y:1516)
601/900 [FAIL] RUN      0.0y    0 rows (P:1255 Y:1516)
$AIP: possibly delisted; no price data found  (1d 2015-01-01 -> 2021-10-26) (Yahoo error = "Data doesn't exist for startDate = 1420088400, endDate = 1635220800")

1 Failed download:

1 Failed download:

1 Failed download:
['AIP']: possibly delisted; no price data found  (1d 2015-01-01 -> 2021-10-26) (Yahoo error = "Data doesn't exist for startDate = 1420088400, endDate = 1635220800")
['AIP']: possibly delisted; no price data found  (1d 2015-01-01 -> 2021-10-26) (Yahoo error = "Data doesn't exist for startDate = 1420088400, endDate = 1635220800")
['AIP']: possibly delisted; no price data found  (1d 2015-01-01 -> 2021-10-26) (Yahoo error = "Data doesn't exist for startDate = 1420088400, endDate = 1635220800")

1 Failed download:

1 Failed download:

1 Failed download:
['AIP']: possibly delisted; no price data found  (1d 2015-01-01 -> 2021-10-26) (Yahoo error = "Data doesn't exist for startDate = 1420088400, endDate = 1635220800")

1 Failed download:
['AIP']: possibly delisted; no price data found  (1d 2015-01-01 -> 2021-10-26) (Yahoo error = "Data doesn't exist for startDate = 1420088400, endDate = 1635220800")
['AIP']: possibly delisted; no price data found  (1d 2015-01-01 -> 2021-10-26) (Yahoo error = "Data doesn't exist for startDate = 1420088400, endDate = 1635220800")
['AIP']: possibly delisted; no price data found  (1d 2015-01-01 -> 2021-10-26) (Yahoo error = "Data doesn't exist for startDate = 1420088400, endDate = 1635220800")
$ACVA: possibly delisted; no price data found  (1d 2015-01-01 -> 2021-03-23) (Yahoo error = "Data doesn't exist for startDate = 1420088400, endDate = 1616472000")
$AFRM: possibly delisted; no price data found  (1d 2015-01-01 -> 2021-01-12) (Yahoo error = "Data doesn't exist for startDate = 1420088400, endDate = 1610427600")
$ALHC: possibly delisted; no price data found  (1d 2015-01-01 -> 2021-03-25) (Yahoo error = "Data doesn't exist for startDate = 1420088400, endDate = 1616644800")
602/900 [OK] URBN    11.0y 2771 rows (P:1255 Y:1516)
603/900 [OK] CPT     11.0y 2771 rows (P:1255 Y:1516)
604/900 [FAIL] BF.B     0.0y    0 rows (P:1255 Y:1516)
605/900 [OK] KIM     11.0y 2771 rows (P:1255 Y:1516)
606/900 [OK] AGCO    11.0y 2771 rows (P:1255 Y:1516)
607/900 [OK] MHK     11.0y 2771 rows (P:1255 Y:1516)
608/900 [OK] NTR     11.0y 2771 rows (P:1255 Y:1516)
609/900 [OK] LBRDK   11.0y 2771 rows (P:1255 Y:1516)
610/900 [OK] BXP     11.0y 2771 rows (P:1255 Y:1516)
611/900 [OK] MKTX    11.0y 2771 rows (P:1255 Y:1516)
612/900 [OK] EWBC    10.5y 2651 rows (P:1255 Y:1396)
613/900 [FAIL] ACI      0.0y    0 rows (P:1255 Y:1516)
614/900 [OK] DBX      8.0y 2016 rows (P:1255 Y:761)
615/900 [OK] AN       8.0y 2016 rows (P:1255 Y:761)
616/900 [OK] WHR      8.0y 2016 rows (P:1255 Y:761)
617/900 [OK] TXT      8.0y 2016 rows (P:1255 Y:761)
618/900 [OK] HAS      8.0y 2016 rows (P:1255 Y:761)
619/900 [OK] LKQ      8.0y 2016 rows (P:1255 Y:761)
620/900 [OK] ARCC    11.0y 2771 rows (P:1255 Y:1516)
621/900 [OK] RGEN    11.0y 2771 rows (P:1255 Y:1516)
622/900 [OK] CNX     11.0y 2771 rows (P:1255 Y:1516)
623/900 [OK] AMH     11.0y 2771 rows (P:1255 Y:1516)
624/900 [OK] ACM     11.0y 2771 rows (P:1255 Y:1516)
625/900 [OK] BRKR    11.0y 2771 rows (P:1255 Y:1516)
626/900 [OK] TTEK    11.0y 2771 rows (P:1255 Y:1516)
627/900 [OK] TRMB    11.0y 2771 rows (P:1255 Y:1516)
628/900 [OK] OLED    11.0y 2771 rows (P:1255 Y:1516)
629/900 [OK] MKSI    11.0y 2771 rows (P:1255 Y:1516)
630/900 [FAIL] HALO     0.0y    0 rows (P:1255 Y:0)
631/900 [OK] LUMN    11.0y 2771 rows (P:1255 Y:1516)
632/900 [OK] RRC     11.0y 2771 rows (P:1255 Y:1516)
633/900 [OK] PI      11.0y 2771 rows (P:1255 Y:1516)
634/900 [OK] BEN     11.0y 2771 rows (P:1255 Y:1516)
635/900 [OK] NOK     11.0y 2771 rows (P:1255 Y:1516)
636/900 [OK] MIDD    11.0y 2771 rows (P:1255 Y:1516)
637/900 [OK] AEO     11.0y 2771 rows (P:1255 Y:1516)
638/900 [OK] TFX     11.0y 2771 rows (P:1255 Y:1516)
639/900 [OK] PVH     11.0y 2771 rows (P:1255 Y:1516)
640/900 [OK] PCTY    11.0y 2771 rows (P:1255 Y:1516)
641/900 [OK] MTDR    11.0y 2771 rows (P:1255 Y:1516)
642/900 [OK] TM      11.0y 2771 rows (P:1255 Y:1516)
643/900 [OK] AIZ     11.0y 2771 rows (P:1255 Y:1516)
644/900 [OK] REXR    11.0y 2771 rows (P:1255 Y:1516)
645/900 [OK] REG     11.0y 2771 rows (P:1255 Y:1516)
646/900 [OK] GL      11.0y 2771 rows (P:1255 Y:1516)
647/900 [OK] JAZZ    11.0y 2771 rows (P:1255 Y:1516)
648/900 [OK] EXEL    11.0y 2771 rows (P:1255 Y:1516)
649/900 [OK] ROL     11.0y 2771 rows (P:1255 Y:1516)
650/900 [FAIL] QS       0.0y    0 rows (P:1255 Y:1516)
651/900 [OK] AMLP    11.0y 2771 rows (P:1255 Y:1516)
652/900 [FAIL] MTSI     0.0y    0 rows (P:1255 Y:1516)
653/900 [FAIL] AOS      0.0y    0 rows (P:1255 Y:1516)
654/900 [FAIL] CRI      0.0y    0 rows (P:1255 Y:1516)
655/900 [FAIL] ALC      0.0y    0 rows (P:1255 Y:1516)
656/900 [FAIL] ALV      0.0y    0 rows (P:1255 Y:1516)
657/900 [FAIL] HRB      0.0y    0 rows (P:1255 Y:1516)
658/900 [OK] HRL     11.0y 2771 rows (P:1255 Y:1516)
659/900 [OK] ARMK    11.0y 2771 rows (P:1255 Y:1516)
660/900 [OK] SEDG    11.0y 2771 rows (P:1255 Y:1516)
661/900 [OK] FRT     11.0y 2771 rows (P:1255 Y:1516)
662/900 [OK] RHI     11.0y 2771 rows (P:1255 Y:1516)
663/900 [OK] CRUS    11.0y 2771 rows (P:1255 Y:1516)
664/900 [FAIL] POST     0.0y    0 rows (P:1255 Y:1516)
665/900 [OK] ADC     11.0y 2771 rows (P:1255 Y:1516)
666/900 [OK] NWSA    11.0y 2771 rows (P:1255 Y:1516)
667/900 [OK] TECH    11.0y 2771 rows (P:1255 Y:1516)
668/900 [FAIL] FIVN     0.0y    0 rows (P:1255 Y:1516)
669/900 [OK] ASAN    11.0y 2771 rows (P:1255 Y:1516)
670/900 [FAIL] ADMA     0.0y    0 rows (P:1255 Y:1516)
671/900 [FAIL] SF       0.0y    0 rows (P:1255 Y:1516)
672/900 [FAIL] L        0.0y    0 rows (P:1255 Y:1516)
673/900 [FAIL] YETI     0.0y    0 rows (P:1255 Y:1516)
674/900 [OK] BWA     11.0y 2771 rows (P:1255 Y:1516)
675/900 [OK] CRSP    11.0y 2770 rows (P:1254 Y:1516)
676/900 [OK] ALSN    11.0y 2771 rows (P:1255 Y:1516)
677/900 [OK] NDSN    11.0y 2771 rows (P:1255 Y:1516)
678/900 [OK] XRAY    11.0y 2771 rows (P:1255 Y:1516)
679/900 [OK] FMC     11.0y 2771 rows (P:1255 Y:1516)
680/900 [OK] ACHC    11.0y 2771 rows (P:1255 Y:1516)
681/900 [OK] AGQ     11.0y 2771 rows (P:1255 Y:1516)
682/900 [OK] QLYS    11.0y 2771 rows (P:1255 Y:1516)
683/900 [OK] VNO     11.0y 2771 rows (P:1255 Y:1516)
684/900 [OK] IVZ     11.0y 2771 rows (P:1255 Y:1516)
685/900 [OK] CUBE    11.0y 2771 rows (P:1255 Y:1516)
686/900 [OK] CHDN     7.2y 1810 rows (P:1255 Y:555)
687/900 [OK] ARKG     7.2y 1810 rows (P:1255 Y:555)
688/900 [OK] OPEN    11.0y 2771 rows (P:1255 Y:1516)
689/900 [OK] SEIC    11.0y 2771 rows (P:1255 Y:1516)
690/900 [FAIL] AAAU     0.0y    0 rows (P:1255 Y:1516)
691/900 [OK] ACWX    11.0y 2771 rows (P:1255 Y:1516)
692/900 [OK] HLNE    11.0y 2771 rows (P:1255 Y:1516)
693/900 [OK] FNF     11.0y 2771 rows (P:1255 Y:1516)
694/900 [OK] GLPI    11.0y 2771 rows (P:1255 Y:1516)
695/900 [OK] RMBS    11.0y 2771 rows (P:1255 Y:1516)
696/900 [OK] CIVI    11.0y 2566 rows (P:1050 Y:1516)
697/900 [OK] FR      11.0y 2771 rows (P:1255 Y:1516)
698/900 [OK] PAA      7.4y 1860 rows (P:1255 Y:605)
699/900 [OK] GH       7.4y 1859 rows (P:1254 Y:605)
700/900 [OK] AG       7.4y 1860 rows (P:1255 Y:605)
701/900 [OK] EGP      7.4y 1860 rows (P:1255 Y:605)
702/900 [OK] ITRI     7.4y 1860 rows (P:1255 Y:605)
703/900 [OK] APG     11.0y 2771 rows (P:1255 Y:1516)
704/900 [FAIL] WTFC     0.0y    0 rows (P:1255 Y:0)
705/900 [OK] AMC     11.0y 2771 rows (P:1255 Y:1516)
706/900 [OK] SM      11.0y 2771 rows (P:1255 Y:1516)
707/900 [OK] SAIC    11.0y 2975 rows (P:1255 Y:1720)
708/900 [OK] WTRG    11.0y 2975 rows (P:1255 Y:1720)
709/900 [OK] TMHC    11.0y 2975 rows (P:1255 Y:1720)
710/900 [OK] CORT    11.0y 2771 rows (P:1255 Y:1516)
711/900 [OK] AAON    11.0y 2975 rows (P:1255 Y:1720)
712/900 [OK] WU      11.0y 2975 rows (P:1255 Y:1720)
713/900 [OK] CAKE    11.0y 2975 rows (P:1255 Y:1720)
714/900 [FAIL] ALKS     0.0y    0 rows (P:1255 Y:1516)
715/900 [OK] IONS    11.0y 2771 rows (P:1255 Y:1516)
716/900 [OK] LEGN    11.0y 2771 rows (P:1255 Y:1516)
717/900 [FAIL] BB       0.0y    0 rows (P:1255 Y:1516)
718/900 [OK] AFG     11.0y 2771 rows (P:1255 Y:1516)
719/900 [OK] LOGI    11.0y 2771 rows (P:1255 Y:1516)
720/900 [OK] FOX     11.0y 2771 rows (P:1255 Y:1516)
721/900 [OK] NCNO    11.0y 2771 rows (P:1255 Y:1516)
722/900 [OK] PLAY    11.0y 2771 rows (P:1255 Y:1516)
723/900 [OK] AXSM    11.0y 2771 rows (P:1255 Y:1516)
724/900 [OK] ADT     11.0y 2771 rows (P:1255 Y:1516)
725/900 [OK] MORN    11.0y 2771 rows (P:1255 Y:1516)
726/900 [OK] RNG     11.0y 2771 rows (P:1255 Y:1516)
727/900 [OK] MC       5.5y 1380 rows (P:1255 Y:125)
728/900 [OK] ACLS     8.0y 2004 rows (P:1255 Y:749)
729/900 [OK] PZZA    11.0y 2771 rows (P:1255 Y:1516)
730/900 [OK] COLD    11.0y 2771 rows (P:1255 Y:1516)
731/900 [OK] AGX     11.0y 2771 rows (P:1255 Y:1516)
732/900 [OK] SEE     11.0y 2771 rows (P:1255 Y:1516)
733/900 [OK] SITM    11.0y 2771 rows (P:1255 Y:1516)
734/900 [OK] NOG     11.0y 2771 rows (P:1255 Y:1516)
735/900 [OK] AGI     11.0y 2771 rows (P:1255 Y:1516)
736/900 [OK] ALGM    11.0y 2771 rows (P:1255 Y:1516)
737/900 [OK] MGY     11.0y 2771 rows (P:1255 Y:1516)
738/900 [FAIL] FAF      0.0y    0 rows (P:1255 Y:1516)
739/900 [OK] JHG      8.5y 2144 rows (P:1255 Y:889)
740/900 [OK] LNC     11.0y 2771 rows (P:1255 Y:1516)
741/900 [OK] AMBA     8.5y 2144 rows (P:1255 Y:889)
742/900 [OK] LAZ      8.5y 2144 rows (P:1255 Y:889)
743/900 [OK] VNOM     8.5y 2144 rows (P:1255 Y:889)
744/900 [OK] ARRY    11.0y 2771 rows (P:1255 Y:1516)
745/900 [OK] EOSE    11.0y 2771 rows (P:1255 Y:1516)
746/900 [OK] NVAX    11.0y 2770 rows (P:1254 Y:1516)
747/900 [OK] QGEN    11.0y 2771 rows (P:1255 Y:1516)
748/900 [FAIL] ESNT     0.0y    0 rows (P:1255 Y:0)
749/900 [OK] RKT      8.6y 2166 rows (P:1255 Y:911)
750/900 [OK] SATS     8.6y 2166 rows (P:1255 Y:911)
751/900 [FAIL] AAXJ     0.0y    0 rows (P:1255 Y:1516)
752/900 [OK] TKR      8.6y 2166 rows (P:1255 Y:911)
753/900 [OK] COLM     8.6y 2166 rows (P:1255 Y:911)
754/900 [OK] AIRR     8.6y 2166 rows (P:1255 Y:911)
755/900 [OK] HMC      8.6y 2166 rows (P:1255 Y:911)
756/900 [OK] STAG    11.0y 2771 rows (P:1255 Y:1516)
757/900 [OK] TWST    11.0y 2771 rows (P:1255 Y:1516)
758/900 [OK] CBRL    11.0y 2771 rows (P:1255 Y:1516)
759/900 [OK] ATGE     7.2y 1806 rows (P:1255 Y:551)
760/900 [OK] AMSC    11.0y 2771 rows (P:1255 Y:1516)
761/900 [OK] AMKR     7.2y 1806 rows (P:1255 Y:551)
762/900 [OK] ACIW    11.0y 2771 rows (P:1255 Y:1516)
763/900 [OK] MTG     11.0y 2771 rows (P:1255 Y:1516)
764/900 [OK] AMG     11.0y 2771 rows (P:1255 Y:1516)
765/900 [OK] ALGT    11.0y 2771 rows (P:1255 Y:1516)
766/900 [OK] LEVI    11.0y 2771 rows (P:1255 Y:1516)
767/900 [OK] CWST    11.0y 2771 rows (P:1255 Y:1516)
768/900 [OK] TFII    11.0y 2771 rows (P:1255 Y:1516)
769/900 [OK] AKR     11.0y 2771 rows (P:1255 Y:1516)
770/900 [FAIL] UFPI     0.0y    0 rows (P:1255 Y:1516)
771/900 [OK] REAL    11.0y 2771 rows (P:1255 Y:1516)
772/900 [OK] SMPL    11.0y 2771 rows (P:1255 Y:1516)
773/900 [OK] VIRT    11.0y 2771 rows (P:1255 Y:1516)
774/900 [OK] RVLV    11.0y 2771 rows (P:1255 Y:1516)
775/900 [OK] RARE    11.0y 2771 rows (P:1255 Y:1516)
776/900 [OK] LC      11.0y 2771 rows (P:1255 Y:1516)
777/900 [FAIL] RPD      0.0y    0 rows (P:1255 Y:1516)
778/900 [OK] AL      11.0y 2771 rows (P:1255 Y:1516)
779/900 [OK] AROC    11.0y 2771 rows (P:1255 Y:1516)
780/900 [OK] VCYT    11.0y 2771 rows (P:1255 Y:1516)
781/900 [FAIL] NTLA     0.0y    0 rows (P:1255 Y:1516)
782/900 [FAIL] PRGS     0.0y    0 rows (P:1255 Y:1516)
783/900 [FAIL] FROG     0.0y    0 rows (P:1255 Y:1516)
784/900 [FAIL] IMO      0.0y    0 rows (P:1255 Y:1516)
785/900 [FAIL] VRRM     0.0y    0 rows (P:1255 Y:1516)
786/900 [OK] ABR     11.0y 2771 rows (P:1255 Y:1516)
787/900 [FAIL] ARWR     0.0y    0 rows (P:1255 Y:1178)
788/900 [OK] EEFT    11.0y 2771 rows (P:1255 Y:1516)
789/900 [OK] HWC     11.0y 2771 rows (P:1255 Y:1516)
790/900 [OK] APLE    11.0y 2771 rows (P:1255 Y:1516)
791/900 [OK] NOVT    11.0y 2771 rows (P:1255 Y:1516)
792/900 [OK] FLO     11.0y 2771 rows (P:1255 Y:1516)
793/900 [OK] BEAM    11.0y 2771 rows (P:1255 Y:1516)
794/900 [OK] DVAX    11.0y 2771 rows (P:1255 Y:1516)
795/900 [OK] MGNI    11.0y 2771 rows (P:1255 Y:1516)
796/900 [FAIL] VCTR     0.0y    0 rows (P:1255 Y:1516)
797/900 [FAIL] AEIS     0.0y    0 rows (P:1255 Y:1516)
798/900 [FAIL] TRUP     0.0y    0 rows (P:1255 Y:1516)
799/900 [OK] AMN     11.0y 2771 rows (P:1255 Y:1516)
800/900 [OK] ZLAB    11.0y 2771 rows (P:1255 Y:1516)
801/900 [OK] AGIO    11.0y 2771 rows (P:1255 Y:1516)
802/900 [OK] ARGT    11.0y 2771 rows (P:1255 Y:1516)
803/900 [OK] ZD      11.0y 2583 rows (P:1067 Y:1516)
804/900 [OK] ACAD    11.0y 2770 rows (P:1254 Y:1516)
805/900 [OK] ALRM    11.0y 2771 rows (P:1255 Y:1516)
806/900 [OK] AMX     11.0y 2771 rows (P:1255 Y:1516)
807/900 [FAIL] ARCB     0.0y    0 rows (P:1255 Y:1516)
808/900 [OK] ABCB    10.6y 2678 rows (P:1255 Y:1423)
809/900 [OK] ACMR     8.3y 2087 rows (P:1255 Y:832)
810/900 [OK] AQN      8.3y 2087 rows (P:1255 Y:832)
811/900 [OK] FVRR     8.3y 2087 rows (P:1255 Y:832)
812/900 [OK] FOLD     8.3y 2087 rows (P:1255 Y:832)
813/900 [OK] AEHR     8.3y 2087 rows (P:1255 Y:832)
814/900 [OK] SNDX     8.3y 2087 rows (P:1255 Y:832)
815/900 [OK] AOSL     8.3y 2087 rows (P:1255 Y:832)
816/900 [OK] DXC     10.5y 2650 rows (P:1255 Y:1395)
817/900 [FAIL] NSA      0.0y    0 rows (P:1255 Y:1516)
818/900 [OK] ARDX    11.0y 2957 rows (P:1254 Y:1703)
819/900 [OK] ALT     11.0y 2958 rows (P:1255 Y:1703)
820/900 [FAIL] GOLF     0.0y    0 rows (P:1255 Y:1516)
821/900 [OK] CNS      9.9y 2479 rows (P:1255 Y:1224)
822/900 [OK] BLMN     9.9y 2479 rows (P:1255 Y:1224)
823/900 [OK] AEG      9.9y 2479 rows (P:1255 Y:1224)
824/900 [OK] ANGL     9.9y 2479 rows (P:1255 Y:1224)
825/900 [OK] AIN      9.9y 2479 rows (P:1255 Y:1224)
826/900 [OK] ABM     11.0y 2771 rows (P:1255 Y:1516)
827/900 [OK] NMIH    11.0y 2771 rows (P:1255 Y:1516)
828/900 [OK] CDNA    11.0y 2771 rows (P:1255 Y:1516)
829/900 [OK] OTEX    11.0y 2771 rows (P:1255 Y:1516)
830/900 [OK] ADNT    11.0y 2771 rows (P:1255 Y:1516)
831/900 [OK] LEG      9.2y 2311 rows (P:1255 Y:1056)
832/900 [OK] LGIH     9.2y 2311 rows (P:1255 Y:1056)
833/900 [OK] APAM     9.2y 2311 rows (P:1255 Y:1056)
834/900 [OK] AMPH    11.0y 2771 rows (P:1255 Y:1516)
835/900 [OK] SNEX    11.0y 2771 rows (P:1255 Y:1516)
836/900 [OK] TALO    11.0y 2771 rows (P:1255 Y:1516)
837/900 [OK] APPN    11.0y 2771 rows (P:1255 Y:1516)
838/900 [OK] GIII    11.0y 2771 rows (P:1255 Y:1516)
839/900 [OK] AOR     11.0y 2771 rows (P:1255 Y:1516)
840/900 [OK] FCEL    11.0y 2771 rows (P:1255 Y:1516)
841/900 [OK] AIQ     11.0y 2771 rows (P:1255 Y:1516)
842/900 [OK] AIR     11.0y 2771 rows (P:1255 Y:1516)
843/900 [FAIL] SFIX     0.0y    0 rows (P:1255 Y:1516)
844/900 [FAIL] SDGR     0.0y    0 rows (P:1255 Y:1516)
845/900 [OK] ARVN    11.0y 2771 rows (P:1255 Y:1516)
846/900 [OK] ANIP    11.0y 2771 rows (P:1255 Y:1516)
847/900 [OK] SCVL     8.6y 2168 rows (P:1255 Y:913)
848/900 [OK] LAUR     8.6y 2168 rows (P:1255 Y:913)
849/900 [OK] ANDE     8.6y 2168 rows (P:1255 Y:913)
850/900 [FAIL] BBBY     0.0y    0 rows (P:672 Y:1516)
851/900 [OK] AHCO     7.3y 1830 rows (P:1255 Y:575)
852/900 [OK] QNST     7.3y 1830 rows (P:1255 Y:575)
853/900 [OK] BJRI     7.3y 1830 rows (P:1255 Y:575)
854/900 [OK] ARI      7.3y 1830 rows (P:1255 Y:575)
855/900 [OK] ARLO    11.0y 2771 rows (P:1255 Y:1516)
856/900 [OK] CARS    11.0y 2771 rows (P:1255 Y:1516)
857/900 [OK] ARCO    11.0y 2771 rows (P:1255 Y:1516)
858/900 [OK] ANAB    11.0y 2771 rows (P:1255 Y:1516)
859/900 [OK] GOOS    11.0y 2771 rows (P:1255 Y:1516)
860/900 [OK] AMRC    11.0y 2771 rows (P:1255 Y:1516)
861/900 [OK] AMRX    11.0y 2771 rows (P:1255 Y:1516)
862/900 [OK] ADPT     8.9y 2247 rows (P:1255 Y:992)
863/900 [OK] AHH      8.9y 2247 rows (P:1255 Y:992)
864/900 [OK] AMCX     8.9y 2247 rows (P:1255 Y:992)
865/900 [FAIL] ANGO     0.0y    0 rows (P:1255 Y:996)
866/900 [FAIL] ARCT     0.0y    0 rows (P:1255 Y:996)
867/900 [OK] APPS    11.0y 2771 rows (P:1255 Y:1516)
868/900 [OK] AIV     11.0y 2771 rows (P:1255 Y:1516)
869/900 [OK] ALEX     8.8y 2217 rows (P:1255 Y:962)
870/900 [OK] AQST     7.7y 1930 rows (P:1255 Y:675)
871/900 [OK] AAT     11.0y 2771 rows (P:1255 Y:1516)
872/900 [OK] ADTN    11.0y 2771 rows (P:1255 Y:1516)
873/900 [OK] AGRO    11.0y 2771 rows (P:1255 Y:1516)
874/900 [OK] ACB     11.0y 2771 rows (P:1255 Y:1516)
875/900 [OK] AIA     11.0y 2771 rows (P:1255 Y:1516)
876/900 [FAIL] EVTL     0.0y    0 rows (P:1019 Y:1516)
877/900 [FAIL] ARKO     0.0y    0 rows (P:1255 Y:1516)
878/900 [OK] DOMO    11.0y 2771 rows (P:1255 Y:1516)
879/900 [OK] ALLT    11.0y 2771 rows (P:1255 Y:1516)
880/900 [OK] ALDX    11.0y 2771 rows (P:1255 Y:1516)
881/900 [OK] ACRE    11.0y 2771 rows (P:1255 Y:1516)
882/900 [OK] ACEL    11.0y 2771 rows (P:1255 Y:1516)
883/900 [FAIL] ACVA     0.0y    0 rows (P:1205 Y:1516)
884/900 [OK] AEVA    11.0y 2728 rows (P:1212 Y:1516)
885/900 [OK] AQMS    11.0y 2771 rows (P:1255 Y:1516)
886/900 [OK] ANGI    11.0y 2771 rows (P:1255 Y:1516)
887/900 [OK] ACP     11.0y 2771 rows (P:1255 Y:1516)
888/900 [OK] ALE      5.8y 1501 rows (P:1238 Y:263)
889/900 [OK] AFRM    11.0y 2769 rows (P:1253 Y:1516)
890/900 [OK] AIP     11.0y 2570 rows (P:1054 Y:1516)
891/900 [OK] AKRO    10.9y 2750 rows (P:1234 Y:1516)
892/900 [OK] ALHC    11.0y 2719 rows (P:1203 Y:1516)
893/900 [OK] ALKT    10.4y 2562 rows (P:1191 Y:1371)
894/900 [OK] AZEK     4.5y 1122 rows (P:1122 Y:0)
895/900 [OK] ARHS     4.2y 1048 rows (P:1048 Y:0)
896/900 [OK] ARKX     4.8y 1201 rows (P:1201 Y:0)
897/900 [OK] AMPL     4.3y 1075 rows (P:1075 Y:0)
898/900 [OK] ANSS     4.5y 1133 rows (P:1133 Y:0)
899/900 [OK] AOD      5.0y 1255 rows (P:1255 Y:0)
900/900 [OK] APP      4.7y 1190 rows (P:1190 Y:0)

======================================================================
VERIFICATION REPORT
======================================================================
Success: 756/900 (84.0%)
Min years: 4.2
Avg years: 10.4
Max years: 11.0

FAILURES (144):
  V     : Reindexing only valid with uniquely valued Index objects
  HD    : Reindexing only valid with uniquely valued Index objects
  WMT   : Reindexing only valid with uniquely valued Index objects
  SMH   : Reindexing only valid with uniquely valued Index objects
  NOW   : Reindexing only valid with uniquely valued Index objects
  UBER  : Reindexing only valid with uniquely valued Index objects
  BABA  : Reindexing only valid with uniquely valued Index objects
  ORCL  : Reindexing only valid with uniquely valued Index objects
  INTC  : Reindexing only valid with uniquely valued Index objects
  DIA   : Reindexing only valid with uniquely valued Index objects

INSUFFICIENT HISTORY (<10 years): 117
  LLY   : 5.3 years
  AMD   : 5.3 years
  TLT   : 5.3 years
  NFLX  : 5.3 years
  TQQQ  : 5.3 years
  PLTR  : 5.3 years
  TSM   : 5.3 years
  GOOGL : 5.3 years
  IWM   : 5.3 years
  GOOG  : 5.3 years

======================================================================
[NOT READY] Only 639/900 symbols with 10+ years
Need at least 855 symbols (95%) with 10+ years
======================================================================
$AMPL: possibly delisted; no price data found  (1d 2015-01-01 -> 2021-09-27) (Yahoo error = "Data doesn't exist for startDate = 1420088400, endDate = 1632715200")
$ARKX: possibly delisted; no price data found  (1d 2015-01-01 -> 2021-03-29) (Yahoo error = "Data doesn't exist for startDate = 1420088400, endDate = 1616990400")
$ARHS: possibly delisted; no price data found  (1d 2015-01-01 -> 2021-11-03) (Yahoo error = "Data doesn't exist for startDate = 1420088400, endDate = 1635912000")
$ALKT: possibly delisted; no price data found  (1d 2015-01-01 -> 2021-04-13) (Yahoo error = "Data doesn't exist for startDate = 1420088400, endDate = 1618286400")
$ANSS: possibly delisted; no timezone found
$APP: possibly delisted; no price data found  (1d 2015-01-01 -> 2021-04-14) (Yahoo error = "Data doesn't exist for startDate = 1420088400, endDate = 1618372800")
$AZEK: possibly delisted; no timezone found
